2024-11-20T08:26:27.891277+00:00 INFO 'ansible_navigator.setup_logger' New ansible-navigator instance, logging initialized
2024-11-20T08:26:27.892280+00:00 INFO 'ansible_navigator.setup_logger' New ansible-runner instance, logging initialized
2024-11-20T08:26:27.892669+00:00 DEBUG 'ansible_navigator.main' Jinja2==3.1.4 
2024-11-20T08:26:27.892830+00:00 DEBUG 'ansible_navigator.main' MarkupSafe==3.0.2 
2024-11-20T08:26:27.893118+00:00 DEBUG 'ansible_navigator.main' Parsley==1.3 
2024-11-20T08:26:27.893286+00:00 DEBUG 'ansible_navigator.main' PySocks==1.7.1 
2024-11-20T08:26:27.893513+00:00 DEBUG 'ansible_navigator.main' PyYAML==5.4.1 
2024-11-20T08:26:27.893902+00:00 DEBUG 'ansible_navigator.main' Pygments==2.18.0 
2024-11-20T08:26:27.894180+00:00 DEBUG 'ansible_navigator.main' ansible-builder==3.1.0 
2024-11-20T08:26:27.894448+00:00 DEBUG 'ansible_navigator.main' ansible-compat==24.10.0 
2024-11-20T08:26:27.894686+00:00 DEBUG 'ansible_navigator.main' ansible-core==2.15.13 
2024-11-20T08:26:27.894868+00:00 DEBUG 'ansible_navigator.main' ansible-lint==6.22.2 
2024-11-20T08:26:27.895182+00:00 DEBUG 'ansible_navigator.main' ansible-navigator==24.2.0 
2024-11-20T08:26:27.895527+00:00 DEBUG 'ansible_navigator.main' ansible-runner==2.4.0 
2024-11-20T08:26:27.895891+00:00 DEBUG 'ansible_navigator.main' ansible==8.7.0 /home/rhceuser/.local/lib/python3.9/site-packages/ansible/__init__.py
2024-11-20T08:26:27.896194+00:00 DEBUG 'ansible_navigator.main' attrs==24.2.0 /home/rhceuser/.local/lib/python3.9/site-packages/attrs/__init__.py
2024-11-20T08:26:27.896440+00:00 DEBUG 'ansible_navigator.main' bindep==2.11.0 /home/rhceuser/.local/lib/python3.9/site-packages/bindep/__init__.py
2024-11-20T08:26:27.896673+00:00 DEBUG 'ansible_navigator.main' black==24.10.0 /home/rhceuser/.local/lib/python3.9/site-packages/black/__init__.cpython-39-x86_64-linux-gnu.so
2024-11-20T08:26:27.896860+00:00 DEBUG 'ansible_navigator.main' bracex==2.5.post1 /home/rhceuser/.local/lib/python3.9/site-packages/bracex/__init__.py
2024-11-20T08:26:27.897304+00:00 DEBUG 'ansible_navigator.main' cffi==1.17.1 /home/rhceuser/.local/lib/python3.9/site-packages/cffi/__init__.py
2024-11-20T08:26:27.897503+00:00 DEBUG 'ansible_navigator.main' chardet==4.0.0 /usr/lib/python3.9/site-packages/chardet/__init__.py
2024-11-20T08:26:27.897671+00:00 DEBUG 'ansible_navigator.main' click==8.1.7 /home/rhceuser/.local/lib/python3.9/site-packages/click/__init__.py
2024-11-20T08:26:27.898012+00:00 DEBUG 'ansible_navigator.main' cockpit==323.1 /usr/lib/python3.9/site-packages/cockpit/__init__.py
2024-11-20T08:26:27.898251+00:00 DEBUG 'ansible_navigator.main' cryptography==43.0.3 /home/rhceuser/.local/lib/python3.9/site-packages/cryptography/__init__.py
2024-11-20T08:26:27.898421+00:00 DEBUG 'ansible_navigator.main' dasbus==1.4 /usr/lib/python3.9/site-packages/dasbus/__init__.py
2024-11-20T08:26:27.898645+00:00 DEBUG 'ansible_navigator.main' dbus-python==1.2.18 
2024-11-20T08:26:27.898790+00:00 DEBUG 'ansible_navigator.main' decorator==4.4.2 /usr/lib/python3.9/site-packages/decorator.py
2024-11-20T08:26:27.898928+00:00 DEBUG 'ansible_navigator.main' distro==1.9.0 /home/rhceuser/.local/lib/python3.9/site-packages/distro/__init__.py
2024-11-20T08:26:27.899121+00:00 DEBUG 'ansible_navigator.main' file-magic==0.4.0 
2024-11-20T08:26:27.899254+00:00 DEBUG 'ansible_navigator.main' filelock==3.16.1 /home/rhceuser/.local/lib/python3.9/site-packages/filelock/__init__.py
2024-11-20T08:26:27.899374+00:00 DEBUG 'ansible_navigator.main' idna==2.10 /usr/lib/python3.9/site-packages/idna/__init__.py
2024-11-20T08:26:27.899547+00:00 DEBUG 'ansible_navigator.main' importlib-metadata==6.2.1 
2024-11-20T08:26:27.899704+00:00 DEBUG 'ansible_navigator.main' importlib-resources==5.0.7 
2024-11-20T08:26:27.899928+00:00 DEBUG 'ansible_navigator.main' iniparse==0.4 /usr/lib/python3.9/site-packages/iniparse/__init__.py
2024-11-20T08:26:27.900133+00:00 DEBUG 'ansible_navigator.main' jsonschema-specifications==2024.10.1 
2024-11-20T08:26:27.900256+00:00 DEBUG 'ansible_navigator.main' jsonschema==4.23.0 /home/rhceuser/.local/lib/python3.9/site-packages/jsonschema/__init__.py
2024-11-20T08:26:27.900517+00:00 DEBUG 'ansible_navigator.main' lockfile==0.12.2 /home/rhceuser/.local/lib/python3.9/site-packages/lockfile/__init__.py
2024-11-20T08:26:27.900636+00:00 DEBUG 'ansible_navigator.main' lxml==4.6.5 /usr/lib64/python3.9/site-packages/lxml/__init__.py
2024-11-20T08:26:27.900749+00:00 DEBUG 'ansible_navigator.main' markdown-it-py==3.0.0 
2024-11-20T08:26:27.900920+00:00 DEBUG 'ansible_navigator.main' mdurl==0.1.2 /home/rhceuser/.local/lib/python3.9/site-packages/mdurl/__init__.py
2024-11-20T08:26:27.901048+00:00 DEBUG 'ansible_navigator.main' mypy-extensions==1.0.0 
2024-11-20T08:26:27.901218+00:00 DEBUG 'ansible_navigator.main' nftables==0.1 /usr/lib/python3.9/site-packages/nftables/__init__.py
2024-11-20T08:26:27.901404+00:00 DEBUG 'ansible_navigator.main' onigurumacffi==1.3.0 /home/rhceuser/.local/lib/python3.9/site-packages/onigurumacffi.py
2024-11-20T08:26:27.901519+00:00 DEBUG 'ansible_navigator.main' packaging==24.2 /home/rhceuser/.local/lib/python3.9/site-packages/packaging/__init__.py
2024-11-20T08:26:27.901628+00:00 DEBUG 'ansible_navigator.main' pathspec==0.12.1 /home/rhceuser/.local/lib/python3.9/site-packages/pathspec/__init__.py
2024-11-20T08:26:27.901779+00:00 DEBUG 'ansible_navigator.main' pbr==6.1.0 /home/rhceuser/.local/lib/python3.9/site-packages/pbr/__init__.py
2024-11-20T08:26:27.901891+00:00 DEBUG 'ansible_navigator.main' perf==0.1 /usr/lib64/python3.9/site-packages/perf.cpython-39-x86_64-linux-gnu.so
2024-11-20T08:26:27.901997+00:00 DEBUG 'ansible_navigator.main' pip==21.3.1 /usr/lib/python3.9/site-packages/pip/__init__.py
2024-11-20T08:26:27.902182+00:00 DEBUG 'ansible_navigator.main' platformdirs==4.3.6 /home/rhceuser/.local/lib/python3.9/site-packages/platformdirs/__init__.py
2024-11-20T08:26:27.902304+00:00 DEBUG 'ansible_navigator.main' psutil==5.8.0 /usr/lib64/python3.9/site-packages/psutil/__init__.py
2024-11-20T08:26:27.902433+00:00 DEBUG 'ansible_navigator.main' pycairo==1.20.1 
2024-11-20T08:26:27.902577+00:00 DEBUG 'ansible_navigator.main' pycparser==2.22 /home/rhceuser/.local/lib/python3.9/site-packages/pycparser/__init__.py
2024-11-20T08:26:27.902690+00:00 DEBUG 'ansible_navigator.main' pyinotify==0.9.6 /usr/lib/python3.9/site-packages/pyinotify.py
2024-11-20T08:26:27.902817+00:00 DEBUG 'ansible_navigator.main' python-daemon==3.1.0 
2024-11-20T08:26:27.902953+00:00 DEBUG 'ansible_navigator.main' python-dateutil==2.8.1 
2024-11-20T08:26:27.903078+00:00 DEBUG 'ansible_navigator.main' python-linux-procfs==0.7.3 
2024-11-20T08:26:27.903181+00:00 DEBUG 'ansible_navigator.main' pyudev==0.22.0 /usr/lib/python3.9/site-packages/pyudev/__init__.py
2024-11-20T08:26:27.903322+00:00 DEBUG 'ansible_navigator.main' referencing==0.35.1 /home/rhceuser/.local/lib/python3.9/site-packages/referencing/__init__.py
2024-11-20T08:26:27.903433+00:00 DEBUG 'ansible_navigator.main' requests==2.25.1 /usr/lib/python3.9/site-packages/requests/__init__.py
2024-11-20T08:26:27.903536+00:00 DEBUG 'ansible_navigator.main' resolvelib==1.0.1 /home/rhceuser/.local/lib/python3.9/site-packages/resolvelib/__init__.py
2024-11-20T08:26:27.903699+00:00 DEBUG 'ansible_navigator.main' rich==13.9.4 /home/rhceuser/.local/lib/python3.9/site-packages/rich/__init__.py
2024-11-20T08:26:27.903807+00:00 DEBUG 'ansible_navigator.main' rpds-py==0.21.0 
2024-11-20T08:26:27.903927+00:00 DEBUG 'ansible_navigator.main' ruamel.yaml.clib==0.2.12 
2024-11-20T08:26:27.904134+00:00 DEBUG 'ansible_navigator.main' ruamel.yaml==0.18.6 /home/rhceuser/.local/lib/python3.9/site-packages/ruamel/yaml/__init__.py
2024-11-20T08:26:27.904268+00:00 DEBUG 'ansible_navigator.main' selinux==3.6 /usr/lib64/python3.9/site-packages/selinux/__init__.py
2024-11-20T08:26:27.904412+00:00 DEBUG 'ansible_navigator.main' sepolicy==3.6 /usr/lib/python3.9/site-packages/sepolicy/__init__.py
2024-11-20T08:26:27.904601+00:00 DEBUG 'ansible_navigator.main' setools==4.4.4 /usr/lib64/python3.9/site-packages/setools/__init__.py
2024-11-20T08:26:27.904889+00:00 DEBUG 'ansible_navigator.main' setroubleshoot==3.3.32 /usr/lib/python3.9/site-packages/setroubleshoot/__init__.py
2024-11-20T08:26:27.905314+00:00 DEBUG 'ansible_navigator.main' setuptools==75.5.0 /home/rhceuser/.local/lib/python3.9/site-packages/setuptools/__init__.py
2024-11-20T08:26:27.905563+00:00 DEBUG 'ansible_navigator.main' six==1.15.0 /usr/lib/python3.9/site-packages/six.py
2024-11-20T08:26:27.905784+00:00 DEBUG 'ansible_navigator.main' sos==4.7.2 /usr/lib/python3.9/site-packages/sos/__init__.py
2024-11-20T08:26:27.906063+00:00 DEBUG 'ansible_navigator.main' subprocess-tee==0.4.2 
2024-11-20T08:26:27.906222+00:00 DEBUG 'ansible_navigator.main' subscription-manager==1.29.42 
2024-11-20T08:26:27.906348+00:00 DEBUG 'ansible_navigator.main' tomli==2.1.0 /home/rhceuser/.local/lib/python3.9/site-packages/tomli/__init__.py
2024-11-20T08:26:27.906553+00:00 DEBUG 'ansible_navigator.main' typing_extensions==4.12.2 /home/rhceuser/.local/lib/python3.9/site-packages/typing_extensions.py
2024-11-20T08:26:27.906683+00:00 DEBUG 'ansible_navigator.main' tzdata==2024.2 /home/rhceuser/.local/lib/python3.9/site-packages/tzdata/__init__.py
2024-11-20T08:26:27.906807+00:00 DEBUG 'ansible_navigator.main' urllib3==1.26.5 /usr/lib/python3.9/site-packages/urllib3/__init__.py
2024-11-20T08:26:27.907017+00:00 DEBUG 'ansible_navigator.main' wcmatch==10.0 /home/rhceuser/.local/lib/python3.9/site-packages/wcmatch/__init__.py
2024-11-20T08:26:27.907179+00:00 DEBUG 'ansible_navigator.main' yamllint==1.35.1 /home/rhceuser/.local/lib/python3.9/site-packages/yamllint/__init__.py
2024-11-20T08:26:27.907298+00:00 DEBUG 'ansible_navigator.main' zipp==3.21.0 /home/rhceuser/.local/lib/python3.9/site-packages/zipp/__init__.py
2024-11-20T08:26:27.907511+00:00 DEBUG 'ansible_navigator.main' Default collection_doc_cache_path set to: /home/rhceuser/.cache/ansible-navigator/collection_doc_cache.db
2024-11-20T08:26:27.907634+00:00 DEBUG 'ansible_navigator.main' EDITOR environment variable not set
2024-11-20T08:26:27.907749+00:00 DEBUG 'ansible_navigator.main' Default editor_command set to: vi +{line_number} {filename}
2024-11-20T08:26:27.907904+00:00 DEBUG 'ansible_navigator.main' No config file set by ANSIBLE_NAVIGATOR_CONFIG
2024-11-20T08:26:27.908077+00:00 DEBUG 'ansible_navigator.main' Looking in /home/rhceuser
2024-11-20T08:26:27.908223+00:00 DEBUG 'ansible_navigator.main' Looking for '/home/rhceuser/.ansible-navigator.yml', '/home/rhceuser/.ansible-navigator.yaml' and '/home/rhceuser/.ansible-navigator.json'
2024-11-20T08:26:27.908375+00:00 DEBUG 'ansible_navigator.main' Found 0: 
2024-11-20T08:26:27.908508+00:00 DEBUG 'ansible_navigator.main' Looking in /mnt/hgfs/learn-ansible/playbook
2024-11-20T08:26:27.908677+00:00 DEBUG 'ansible_navigator.main' Looking for '/mnt/hgfs/learn-ansible/playbook/ansible-navigator.yml', '/mnt/hgfs/learn-ansible/playbook/ansible-navigator.yaml' and '/mnt/hgfs/learn-ansible/playbook/ansible-navigator.json'
2024-11-20T08:26:27.909100+00:00 DEBUG 'ansible_navigator.main' Found 0: 
2024-11-20T08:26:27.909525+00:00 DEBUG 'ansible_navigator.main' All found 0: 
2024-11-20T08:26:27.909753+00:00 DEBUG 'ansible_navigator.main' Using: None
2024-11-20T08:26:27.910053+00:00 DEBUG 'ansible_navigator.main' No valid settings file found, using all default values for settings.
2024-11-20T08:26:27.910227+00:00 DEBUG 'ansible_navigator.main' Command provided: '--execution-environment'
2024-11-20T08:26:27.910364+00:00 WARNING 'ansible_navigator.main' Configuration errors encountered, rolling back to previous configuration.
2024-11-20T08:26:27.910793+00:00 DEBUG 'ansible_navigator.main' Prior to rollback: ansible_runner_artifact_dir = 'Not set' (Constants/Not set)
2024-11-20T08:26:27.911020+00:00 DEBUG 'ansible_navigator.main' Prior to rollback: ansible_runner_rotate_artifacts_count = 'Not set' (Constants/Not set)
2024-11-20T08:26:27.911305+00:00 DEBUG 'ansible_navigator.main' Prior to rollback: ansible_runner_timeout = 'Not set' (Constants/Not set)
2024-11-20T08:26:27.911661+00:00 DEBUG 'ansible_navigator.main' Prior to rollback: ansible_runner_write_job_events = 'False' (bool/Defaults)
2024-11-20T08:26:27.911962+00:00 DEBUG 'ansible_navigator.main' Prior to rollback: app = 'welcome' (str/Defaults)
2024-11-20T08:26:27.912243+00:00 DEBUG 'ansible_navigator.main' Prior to rollback: cmdline = '['--execution-environment']' (list/Command line)
2024-11-20T08:26:27.912384+00:00 DEBUG 'ansible_navigator.main' Prior to rollback: collection_doc_cache_path = '/home/rhceuser/.cache/ansible-navigator/collection_doc_cache.db' (str/Defaults)
2024-11-20T08:26:27.912519+00:00 DEBUG 'ansible_navigator.main' Prior to rollback: config = '/mnt/hgfs/learn-ansible/base/ansible.cfg' (str/Environment variable)
2024-11-20T08:26:27.912800+00:00 DEBUG 'ansible_navigator.main' Prior to rollback: container_engine = 'auto' (str/Defaults)
2024-11-20T08:26:27.912925+00:00 DEBUG 'ansible_navigator.main' Prior to rollback: container_options = 'Not set' (Constants/Not set)
2024-11-20T08:26:27.913143+00:00 DEBUG 'ansible_navigator.main' Prior to rollback: display_color = 'True' (bool/Defaults)
2024-11-20T08:26:27.913500+00:00 DEBUG 'ansible_navigator.main' Prior to rollback: editor_command = 'vi +{line_number} {filename}' (str/Defaults)
2024-11-20T08:26:27.913619+00:00 DEBUG 'ansible_navigator.main' Prior to rollback: editor_console = 'True' (bool/Defaults)
2024-11-20T08:26:27.913750+00:00 DEBUG 'ansible_navigator.main' Prior to rollback: enable_prompts = 'False' (bool/Defaults)
2024-11-20T08:26:27.913940+00:00 DEBUG 'ansible_navigator.main' Prior to rollback: exec_command = '/bin/bash' (str/Defaults)
2024-11-20T08:26:27.914077+00:00 DEBUG 'ansible_navigator.main' Prior to rollback: exec_shell = 'True' (bool/Defaults)
2024-11-20T08:26:27.914208+00:00 DEBUG 'ansible_navigator.main' Prior to rollback: execution_environment = 'True' (bool/Defaults)
2024-11-20T08:26:27.914359+00:00 DEBUG 'ansible_navigator.main' Prior to rollback: execution_environment_image = 'ghcr.io/ansible/creator-ee:v0.22.0' (str/Defaults)
2024-11-20T08:26:27.914472+00:00 DEBUG 'ansible_navigator.main' Prior to rollback: execution_environment_volume_mounts = 'Not set' (Constants/Not set)
2024-11-20T08:26:27.914588+00:00 DEBUG 'ansible_navigator.main' Prior to rollback: format = 'yaml' (str/Defaults)
2024-11-20T08:26:27.914756+00:00 DEBUG 'ansible_navigator.main' Prior to rollback: help_builder = 'False' (bool/Defaults)
2024-11-20T08:26:27.914864+00:00 DEBUG 'ansible_navigator.main' Prior to rollback: help_config = 'False' (bool/Defaults)
2024-11-20T08:26:27.914966+00:00 DEBUG 'ansible_navigator.main' Prior to rollback: help_doc = 'False' (bool/Defaults)
2024-11-20T08:26:27.915118+00:00 DEBUG 'ansible_navigator.main' Prior to rollback: help_inventory = 'False' (bool/Defaults)
2024-11-20T08:26:27.915236+00:00 DEBUG 'ansible_navigator.main' Prior to rollback: help_playbook = 'False' (bool/Defaults)
2024-11-20T08:26:27.915341+00:00 DEBUG 'ansible_navigator.main' Prior to rollback: images_details = '['everything']' (list/Defaults)
2024-11-20T08:26:27.915493+00:00 DEBUG 'ansible_navigator.main' Prior to rollback: inventory = 'Not set' (Constants/Not set)
2024-11-20T08:26:27.915625+00:00 DEBUG 'ansible_navigator.main' Prior to rollback: inventory_column = 'Not set' (Constants/Not set)
2024-11-20T08:26:27.915736+00:00 DEBUG 'ansible_navigator.main' Prior to rollback: lint_config = 'Not set' (Constants/Not set)
2024-11-20T08:26:27.915911+00:00 DEBUG 'ansible_navigator.main' Prior to rollback: lintables = 'Not set' (Constants/Not set)
2024-11-20T08:26:27.916050+00:00 DEBUG 'ansible_navigator.main' Prior to rollback: log_append = 'True' (bool/Defaults)
2024-11-20T08:26:27.916241+00:00 DEBUG 'ansible_navigator.main' Prior to rollback: log_file = '/mnt/hgfs/learn-ansible/playbook/ansible-navigator.log' (str/Defaults)
2024-11-20T08:26:27.916442+00:00 DEBUG 'ansible_navigator.main' Prior to rollback: log_level = 'warning' (str/Defaults)
2024-11-20T08:26:27.916553+00:00 DEBUG 'ansible_navigator.main' Prior to rollback: mode = 'interactive' (str/Defaults)
2024-11-20T08:26:27.916659+00:00 DEBUG 'ansible_navigator.main' Prior to rollback: osc4 = 'True' (bool/Defaults)
2024-11-20T08:26:27.916803+00:00 DEBUG 'ansible_navigator.main' Prior to rollback: pass_environment_variable = 'Not set' (Constants/Not set)
2024-11-20T08:26:27.917011+00:00 DEBUG 'ansible_navigator.main' Prior to rollback: playbook = 'Not set' (Constants/Not set)
2024-11-20T08:26:27.917567+00:00 DEBUG 'ansible_navigator.main' Prior to rollback: playbook_artifact_enable = 'True' (bool/Defaults)
2024-11-20T08:26:27.917688+00:00 DEBUG 'ansible_navigator.main' Prior to rollback: playbook_artifact_replay = 'Not set' (Constants/Not set)
2024-11-20T08:26:27.917812+00:00 DEBUG 'ansible_navigator.main' Prior to rollback: playbook_artifact_save_as = '{playbook_dir}/{playbook_name}-artifact-{time_stamp}.json' (str/Defaults)
2024-11-20T08:26:27.917956+00:00 DEBUG 'ansible_navigator.main' Prior to rollback: plugin_name = 'Not set' (Constants/Not set)
2024-11-20T08:26:27.918077+00:00 DEBUG 'ansible_navigator.main' Prior to rollback: plugin_type = 'module' (str/Defaults)
2024-11-20T08:26:27.918189+00:00 DEBUG 'ansible_navigator.main' Prior to rollback: pull_arguments = 'Not set' (Constants/Not set)
2024-11-20T08:26:27.918331+00:00 DEBUG 'ansible_navigator.main' Prior to rollback: pull_policy = 'tag' (str/Defaults)
2024-11-20T08:26:27.918446+00:00 DEBUG 'ansible_navigator.main' Prior to rollback: set_environment_variable = 'Not set' (Constants/Not set)
2024-11-20T08:26:27.918558+00:00 DEBUG 'ansible_navigator.main' Prior to rollback: settings_effective = 'False' (bool/Defaults)
2024-11-20T08:26:27.918724+00:00 DEBUG 'ansible_navigator.main' Prior to rollback: settings_sample = 'False' (bool/Defaults)
2024-11-20T08:26:27.918836+00:00 DEBUG 'ansible_navigator.main' Prior to rollback: settings_schema = 'json' (str/Defaults)
2024-11-20T08:26:27.918938+00:00 DEBUG 'ansible_navigator.main' Prior to rollback: settings_sources = 'False' (bool/Defaults)
2024-11-20T08:26:27.919091+00:00 DEBUG 'ansible_navigator.main' Prior to rollback: time_zone = 'UTC' (str/Defaults)
2024-11-20T08:26:27.919199+00:00 DEBUG 'ansible_navigator.main' Prior to rollback: workdir = '/mnt/hgfs/learn-ansible/playbook' (str/Defaults)
2024-11-20T08:26:27.919301+00:00 DEBUG 'ansible_navigator.main' After rollback: ansible_runner_artifact_dir = 'Not set' (Constants/Not set)
2024-11-20T08:26:27.919453+00:00 DEBUG 'ansible_navigator.main' After rollback: ansible_runner_rotate_artifacts_count = 'Not set' (Constants/Not set)
2024-11-20T08:26:27.919580+00:00 DEBUG 'ansible_navigator.main' After rollback: ansible_runner_timeout = 'Not set' (Constants/Not set)
2024-11-20T08:26:27.919686+00:00 DEBUG 'ansible_navigator.main' After rollback: ansible_runner_write_job_events = 'Not set' (Constants/Not set)
2024-11-20T08:26:27.919895+00:00 DEBUG 'ansible_navigator.main' After rollback: app = 'Not set' (Constants/Not set)
2024-11-20T08:26:27.920012+00:00 DEBUG 'ansible_navigator.main' After rollback: cmdline = 'Not set' (Constants/Not set)
2024-11-20T08:26:27.920127+00:00 DEBUG 'ansible_navigator.main' After rollback: collection_doc_cache_path = 'Not set' (Constants/Not set)
2024-11-20T08:26:27.920263+00:00 DEBUG 'ansible_navigator.main' After rollback: config = 'Not set' (Constants/Not set)
2024-11-20T08:26:27.920368+00:00 DEBUG 'ansible_navigator.main' After rollback: container_engine = 'Not set' (Constants/Not set)
2024-11-20T08:26:27.920468+00:00 DEBUG 'ansible_navigator.main' After rollback: container_options = 'Not set' (Constants/Not set)
2024-11-20T08:26:27.920632+00:00 DEBUG 'ansible_navigator.main' After rollback: display_color = 'Not set' (Constants/Not set)
2024-11-20T08:26:27.920746+00:00 DEBUG 'ansible_navigator.main' After rollback: editor_command = 'Not set' (Constants/Not set)
2024-11-20T08:26:27.920857+00:00 DEBUG 'ansible_navigator.main' After rollback: editor_console = 'Not set' (Constants/Not set)
2024-11-20T08:26:27.921053+00:00 DEBUG 'ansible_navigator.main' After rollback: enable_prompts = 'Not set' (Constants/Not set)
2024-11-20T08:26:27.921199+00:00 DEBUG 'ansible_navigator.main' After rollback: exec_command = 'Not set' (Constants/Not set)
2024-11-20T08:26:27.921326+00:00 DEBUG 'ansible_navigator.main' After rollback: exec_shell = 'Not set' (Constants/Not set)
2024-11-20T08:26:27.921644+00:00 DEBUG 'ansible_navigator.main' After rollback: execution_environment = 'Not set' (Constants/Not set)
2024-11-20T08:26:27.921783+00:00 DEBUG 'ansible_navigator.main' After rollback: execution_environment_image = 'Not set' (Constants/Not set)
2024-11-20T08:26:27.921976+00:00 DEBUG 'ansible_navigator.main' After rollback: execution_environment_volume_mounts = 'Not set' (Constants/Not set)
2024-11-20T08:26:27.922142+00:00 DEBUG 'ansible_navigator.main' After rollback: format = 'Not set' (Constants/Not set)
2024-11-20T08:26:27.922264+00:00 DEBUG 'ansible_navigator.main' After rollback: help_builder = 'Not set' (Constants/Not set)
2024-11-20T08:26:27.922712+00:00 DEBUG 'ansible_navigator.main' After rollback: help_config = 'Not set' (Constants/Not set)
2024-11-20T08:26:27.923074+00:00 DEBUG 'ansible_navigator.main' After rollback: help_doc = 'Not set' (Constants/Not set)
2024-11-20T08:26:27.923234+00:00 DEBUG 'ansible_navigator.main' After rollback: help_inventory = 'Not set' (Constants/Not set)
2024-11-20T08:26:27.923431+00:00 DEBUG 'ansible_navigator.main' After rollback: help_playbook = 'Not set' (Constants/Not set)
2024-11-20T08:26:27.923616+00:00 DEBUG 'ansible_navigator.main' After rollback: images_details = 'Not set' (Constants/Not set)
2024-11-20T08:26:27.923735+00:00 DEBUG 'ansible_navigator.main' After rollback: inventory = 'Not set' (Constants/Not set)
2024-11-20T08:26:27.923920+00:00 DEBUG 'ansible_navigator.main' After rollback: inventory_column = 'Not set' (Constants/Not set)
2024-11-20T08:26:27.924126+00:00 DEBUG 'ansible_navigator.main' After rollback: lint_config = 'Not set' (Constants/Not set)
2024-11-20T08:26:27.924261+00:00 DEBUG 'ansible_navigator.main' After rollback: lintables = 'Not set' (Constants/Not set)
2024-11-20T08:26:27.924443+00:00 DEBUG 'ansible_navigator.main' After rollback: log_append = 'Not set' (Constants/Not set)
2024-11-20T08:26:27.924579+00:00 DEBUG 'ansible_navigator.main' After rollback: log_file = 'Not set' (Constants/Not set)
2024-11-20T08:26:27.924733+00:00 DEBUG 'ansible_navigator.main' After rollback: log_level = 'Not set' (Constants/Not set)
2024-11-20T08:26:27.924985+00:00 DEBUG 'ansible_navigator.main' After rollback: mode = 'Not set' (Constants/Not set)
2024-11-20T08:26:27.925184+00:00 DEBUG 'ansible_navigator.main' After rollback: osc4 = 'Not set' (Constants/Not set)
2024-11-20T08:26:27.925342+00:00 DEBUG 'ansible_navigator.main' After rollback: pass_environment_variable = 'Not set' (Constants/Not set)
2024-11-20T08:26:27.925566+00:00 DEBUG 'ansible_navigator.main' After rollback: playbook = 'Not set' (Constants/Not set)
2024-11-20T08:26:27.925747+00:00 DEBUG 'ansible_navigator.main' After rollback: playbook_artifact_enable = 'Not set' (Constants/Not set)
2024-11-20T08:26:27.926188+00:00 DEBUG 'ansible_navigator.main' After rollback: playbook_artifact_replay = 'Not set' (Constants/Not set)
2024-11-20T08:26:27.926438+00:00 DEBUG 'ansible_navigator.main' After rollback: playbook_artifact_save_as = 'Not set' (Constants/Not set)
2024-11-20T08:26:27.926718+00:00 DEBUG 'ansible_navigator.main' After rollback: plugin_name = 'Not set' (Constants/Not set)
2024-11-20T08:26:27.926976+00:00 DEBUG 'ansible_navigator.main' After rollback: plugin_type = 'Not set' (Constants/Not set)
2024-11-20T08:26:27.927372+00:00 DEBUG 'ansible_navigator.main' After rollback: pull_arguments = 'Not set' (Constants/Not set)
2024-11-20T08:26:27.927612+00:00 DEBUG 'ansible_navigator.main' After rollback: pull_policy = 'Not set' (Constants/Not set)
2024-11-20T08:26:27.927838+00:00 DEBUG 'ansible_navigator.main' After rollback: set_environment_variable = 'Not set' (Constants/Not set)
2024-11-20T08:26:27.928136+00:00 DEBUG 'ansible_navigator.main' After rollback: settings_effective = 'Not set' (Constants/Not set)
2024-11-20T08:26:27.928329+00:00 DEBUG 'ansible_navigator.main' After rollback: settings_sample = 'Not set' (Constants/Not set)
2024-11-20T08:26:27.928487+00:00 DEBUG 'ansible_navigator.main' After rollback: settings_schema = 'Not set' (Constants/Not set)
2024-11-20T08:26:27.928820+00:00 DEBUG 'ansible_navigator.main' After rollback: settings_sources = 'Not set' (Constants/Not set)
2024-11-20T08:26:27.928941+00:00 DEBUG 'ansible_navigator.main' After rollback: time_zone = 'Not set' (Constants/Not set)
2024-11-20T08:26:27.929128+00:00 DEBUG 'ansible_navigator.main' After rollback: workdir = 'Not set' (Constants/Not set)
2024-11-20T08:26:27.929306+00:00 DEBUG 'ansible_navigator.main' Configuration rollback complete.
2024-11-20T08:26:27.929462+00:00 DEBUG 'ansible_navigator.main' Collection doc cache not mounted
2024-11-20T08:26:27.929632+00:00 WARNING 'ansible_navigator.main' Issues were found while applying the settings.
2024-11-20T08:26:27.929756+00:00 INFO 'ansible_navigator.main' Command provided: '--execution-environment'
2024-11-20T08:26:27.929884+00:00 ERROR 'ansible_navigator.main' argument --ee/--execution-environment: expected one argument
2024-11-20T08:26:27.930048+00:00 INFO 'ansible_navigator.main' Configuration failed, using default log file location. (/mnt/hgfs/learn-ansible/playbook/ansible-navigator.log) Log level set to debug
2024-11-20T08:26:27.930177+00:00 INFO 'ansible_navigator.main' Review the hints and log file to see what went wrong.
2024-11-20T08:26:33.768957+00:00 WARNING 'ansible_navigator.actions.run_14d4._update_args' Configuration errors encountered, rolling back to previous configuration.
2024-11-20T08:26:33.769730+00:00 WARNING 'ansible_navigator.actions.run_14d4._update_args' Issues were found while applying the settings.
2024-11-20T08:26:33.769982+00:00 WARNING 'ansible_navigator.actions.run_14d4._update_args' A playbook is required when using the run subcommand
2024-11-20T08:28:25.670730+00:00 CRITICAL 'ansible_navigator.actions.run_2bb4._handle_message' Unhandled message from runner queue, discarded: {'event': 'verbose', 'uuid': '88322437-5d1f-4012-9e6e-7f77bbecfb2c', 'counter': 1, 'stdout': '\x1b[1;35m[WARNING]: No inventory was parsed, only implicit localhost is available\x1b[0m', 'start_line': 0, 'end_line': 1, 'runner_ident': 'e6d87d53-71f1-49a7-bcda-13b2151f6606', 'created': '2024-11-20T08:28:25.670264+00:00'}
2024-11-20T08:28:25.774946+00:00 CRITICAL 'ansible_navigator.actions.run_2bb4._handle_message' Unhandled message from runner queue, discarded: {'event': 'verbose', 'uuid': '3b5c0667-5b0e-468d-a442-ecc841e7364c', 'counter': 2, 'stdout': '\x1b[1;35m[WARNING]: provided hosts list is empty, only localhost is available. Note that\x1b[0m', 'start_line': 1, 'end_line': 2, 'runner_ident': 'e6d87d53-71f1-49a7-bcda-13b2151f6606', 'created': '2024-11-20T08:28:25.675946+00:00'}
2024-11-20T08:28:25.775639+00:00 CRITICAL 'ansible_navigator.actions.run_2bb4._handle_message' Unhandled message from runner queue, discarded: {'event': 'verbose', 'uuid': '3a3a4bff-8c18-42db-a07d-1e1d96bb2667', 'counter': 3, 'stdout': "\x1b[1;35mthe implicit localhost does not match 'all'\x1b[0m", 'start_line': 2, 'end_line': 3, 'runner_ident': 'e6d87d53-71f1-49a7-bcda-13b2151f6606', 'created': '2024-11-20T08:28:25.676253+00:00'}
2024-11-20T08:29:01.249753+00:00 ERROR 'ansible_navigator.actions.run_5867.run' Can not step back while playbook in progress, :q! to exit
2024-11-20T08:35:28.764159+00:00 WARNING 'ansible_navigator.run' Dirty exit, killing the pid
2024-11-20T08:35:42.463761+00:00 WARNING 'ansible_navigator.actions.run_replay._update_args' Configuration errors encountered, rolling back to previous configuration.
2024-11-20T08:35:42.464416+00:00 WARNING 'ansible_navigator.actions.run_replay._update_args' Issues were found while applying the settings.
2024-11-20T08:35:42.464592+00:00 WARNING 'ansible_navigator.actions.run_replay._update_args' An playbook artifact file is required when using the replay subcommand
2024-11-20T08:36:14.807129+00:00 INFO 'ansible_navigator.setup_logger' New ansible-navigator instance, logging initialized
2024-11-20T08:36:14.807717+00:00 INFO 'ansible_navigator.setup_logger' New ansible-runner instance, logging initialized
2024-11-20T08:36:14.807882+00:00 DEBUG 'ansible_navigator.main' Jinja2==3.1.4 
2024-11-20T08:36:14.808142+00:00 DEBUG 'ansible_navigator.main' MarkupSafe==3.0.2 
2024-11-20T08:36:14.808287+00:00 DEBUG 'ansible_navigator.main' Parsley==1.3 
2024-11-20T08:36:14.808409+00:00 DEBUG 'ansible_navigator.main' PySocks==1.7.1 
2024-11-20T08:36:14.808554+00:00 DEBUG 'ansible_navigator.main' PyYAML==5.4.1 
2024-11-20T08:36:14.808701+00:00 DEBUG 'ansible_navigator.main' Pygments==2.18.0 
2024-11-20T08:36:14.808813+00:00 DEBUG 'ansible_navigator.main' ansible-builder==3.1.0 
2024-11-20T08:36:14.808955+00:00 DEBUG 'ansible_navigator.main' ansible-compat==24.10.0 
2024-11-20T08:36:14.809104+00:00 DEBUG 'ansible_navigator.main' ansible-core==2.15.13 
2024-11-20T08:36:14.809221+00:00 DEBUG 'ansible_navigator.main' ansible-lint==6.22.2 
2024-11-20T08:36:14.809364+00:00 DEBUG 'ansible_navigator.main' ansible-navigator==24.2.0 
2024-11-20T08:36:14.809492+00:00 DEBUG 'ansible_navigator.main' ansible-runner==2.4.0 
2024-11-20T08:36:14.809634+00:00 DEBUG 'ansible_navigator.main' ansible==8.7.0 /home/rhceuser/.local/lib/python3.9/site-packages/ansible/__init__.py
2024-11-20T08:36:14.809804+00:00 DEBUG 'ansible_navigator.main' attrs==24.2.0 /home/rhceuser/.local/lib/python3.9/site-packages/attrs/__init__.py
2024-11-20T08:36:14.809943+00:00 DEBUG 'ansible_navigator.main' bindep==2.11.0 /home/rhceuser/.local/lib/python3.9/site-packages/bindep/__init__.py
2024-11-20T08:36:14.810099+00:00 DEBUG 'ansible_navigator.main' black==24.10.0 /home/rhceuser/.local/lib/python3.9/site-packages/black/__init__.cpython-39-x86_64-linux-gnu.so
2024-11-20T08:36:14.810267+00:00 DEBUG 'ansible_navigator.main' bracex==2.5.post1 /home/rhceuser/.local/lib/python3.9/site-packages/bracex/__init__.py
2024-11-20T08:36:14.810415+00:00 DEBUG 'ansible_navigator.main' cffi==1.17.1 /home/rhceuser/.local/lib/python3.9/site-packages/cffi/__init__.py
2024-11-20T08:36:14.810528+00:00 DEBUG 'ansible_navigator.main' chardet==4.0.0 /usr/lib/python3.9/site-packages/chardet/__init__.py
2024-11-20T08:36:14.810696+00:00 DEBUG 'ansible_navigator.main' click==8.1.7 /home/rhceuser/.local/lib/python3.9/site-packages/click/__init__.py
2024-11-20T08:36:14.810834+00:00 DEBUG 'ansible_navigator.main' cockpit==323.1 /usr/lib/python3.9/site-packages/cockpit/__init__.py
2024-11-20T08:36:14.810948+00:00 DEBUG 'ansible_navigator.main' cryptography==43.0.3 /home/rhceuser/.local/lib/python3.9/site-packages/cryptography/__init__.py
2024-11-20T08:36:14.811119+00:00 DEBUG 'ansible_navigator.main' dasbus==1.4 /usr/lib/python3.9/site-packages/dasbus/__init__.py
2024-11-20T08:36:14.811251+00:00 DEBUG 'ansible_navigator.main' dbus-python==1.2.18 
2024-11-20T08:36:14.811395+00:00 DEBUG 'ansible_navigator.main' decorator==4.4.2 /usr/lib/python3.9/site-packages/decorator.py
2024-11-20T08:36:14.811527+00:00 DEBUG 'ansible_navigator.main' distro==1.9.0 /home/rhceuser/.local/lib/python3.9/site-packages/distro/__init__.py
2024-11-20T08:36:14.811680+00:00 DEBUG 'ansible_navigator.main' file-magic==0.4.0 
2024-11-20T08:36:14.811800+00:00 DEBUG 'ansible_navigator.main' filelock==3.16.1 /home/rhceuser/.local/lib/python3.9/site-packages/filelock/__init__.py
2024-11-20T08:36:14.811938+00:00 DEBUG 'ansible_navigator.main' idna==2.10 /usr/lib/python3.9/site-packages/idna/__init__.py
2024-11-20T08:36:14.812107+00:00 DEBUG 'ansible_navigator.main' importlib-metadata==6.2.1 
2024-11-20T08:36:14.812217+00:00 DEBUG 'ansible_navigator.main' importlib-resources==5.0.7 
2024-11-20T08:36:14.812373+00:00 DEBUG 'ansible_navigator.main' iniparse==0.4 /usr/lib/python3.9/site-packages/iniparse/__init__.py
2024-11-20T08:36:14.812512+00:00 DEBUG 'ansible_navigator.main' jsonschema-specifications==2024.10.1 
2024-11-20T08:36:14.812652+00:00 DEBUG 'ansible_navigator.main' jsonschema==4.23.0 /home/rhceuser/.local/lib/python3.9/site-packages/jsonschema/__init__.py
2024-11-20T08:36:14.812791+00:00 DEBUG 'ansible_navigator.main' lockfile==0.12.2 /home/rhceuser/.local/lib/python3.9/site-packages/lockfile/__init__.py
2024-11-20T08:36:14.812934+00:00 DEBUG 'ansible_navigator.main' lxml==4.6.5 /usr/lib64/python3.9/site-packages/lxml/__init__.py
2024-11-20T08:36:14.813185+00:00 DEBUG 'ansible_navigator.main' markdown-it-py==3.0.0 
2024-11-20T08:36:14.813327+00:00 DEBUG 'ansible_navigator.main' mdurl==0.1.2 /home/rhceuser/.local/lib/python3.9/site-packages/mdurl/__init__.py
2024-11-20T08:36:14.813475+00:00 DEBUG 'ansible_navigator.main' mypy-extensions==1.0.0 
2024-11-20T08:36:14.813677+00:00 DEBUG 'ansible_navigator.main' nftables==0.1 /usr/lib/python3.9/site-packages/nftables/__init__.py
2024-11-20T08:36:14.814223+00:00 DEBUG 'ansible_navigator.main' onigurumacffi==1.3.0 /home/rhceuser/.local/lib/python3.9/site-packages/onigurumacffi.py
2024-11-20T08:36:14.814409+00:00 DEBUG 'ansible_navigator.main' packaging==24.2 /home/rhceuser/.local/lib/python3.9/site-packages/packaging/__init__.py
2024-11-20T08:36:14.814569+00:00 DEBUG 'ansible_navigator.main' pathspec==0.12.1 /home/rhceuser/.local/lib/python3.9/site-packages/pathspec/__init__.py
2024-11-20T08:36:14.814715+00:00 DEBUG 'ansible_navigator.main' pbr==6.1.0 /home/rhceuser/.local/lib/python3.9/site-packages/pbr/__init__.py
2024-11-20T08:36:14.814830+00:00 DEBUG 'ansible_navigator.main' perf==0.1 /usr/lib64/python3.9/site-packages/perf.cpython-39-x86_64-linux-gnu.so
2024-11-20T08:36:14.814980+00:00 DEBUG 'ansible_navigator.main' pip==21.3.1 /usr/lib/python3.9/site-packages/pip/__init__.py
2024-11-20T08:36:14.815136+00:00 DEBUG 'ansible_navigator.main' platformdirs==4.3.6 /home/rhceuser/.local/lib/python3.9/site-packages/platformdirs/__init__.py
2024-11-20T08:36:14.815247+00:00 DEBUG 'ansible_navigator.main' psutil==5.8.0 /usr/lib64/python3.9/site-packages/psutil/__init__.py
2024-11-20T08:36:14.815382+00:00 DEBUG 'ansible_navigator.main' pycairo==1.20.1 
2024-11-20T08:36:14.815515+00:00 DEBUG 'ansible_navigator.main' pycparser==2.22 /home/rhceuser/.local/lib/python3.9/site-packages/pycparser/__init__.py
2024-11-20T08:36:14.815632+00:00 DEBUG 'ansible_navigator.main' pyinotify==0.9.6 /usr/lib/python3.9/site-packages/pyinotify.py
2024-11-20T08:36:14.815769+00:00 DEBUG 'ansible_navigator.main' python-daemon==3.1.0 
2024-11-20T08:36:14.815898+00:00 DEBUG 'ansible_navigator.main' python-dateutil==2.8.1 
2024-11-20T08:36:14.816008+00:00 DEBUG 'ansible_navigator.main' python-linux-procfs==0.7.3 
2024-11-20T08:36:14.816169+00:00 DEBUG 'ansible_navigator.main' pyudev==0.22.0 /usr/lib/python3.9/site-packages/pyudev/__init__.py
2024-11-20T08:36:14.816306+00:00 DEBUG 'ansible_navigator.main' referencing==0.35.1 /home/rhceuser/.local/lib/python3.9/site-packages/referencing/__init__.py
2024-11-20T08:36:14.816413+00:00 DEBUG 'ansible_navigator.main' requests==2.25.1 /usr/lib/python3.9/site-packages/requests/__init__.py
2024-11-20T08:36:14.816544+00:00 DEBUG 'ansible_navigator.main' resolvelib==1.0.1 /home/rhceuser/.local/lib/python3.9/site-packages/resolvelib/__init__.py
2024-11-20T08:36:14.816680+00:00 DEBUG 'ansible_navigator.main' rich==13.9.4 /home/rhceuser/.local/lib/python3.9/site-packages/rich/__init__.py
2024-11-20T08:36:14.816795+00:00 DEBUG 'ansible_navigator.main' rpds-py==0.21.0 
2024-11-20T08:36:14.816925+00:00 DEBUG 'ansible_navigator.main' ruamel.yaml.clib==0.2.12 
2024-11-20T08:36:14.817055+00:00 DEBUG 'ansible_navigator.main' ruamel.yaml==0.18.6 /home/rhceuser/.local/lib/python3.9/site-packages/ruamel/yaml/__init__.py
2024-11-20T08:36:14.817171+00:00 DEBUG 'ansible_navigator.main' selinux==3.6 /usr/lib64/python3.9/site-packages/selinux/__init__.py
2024-11-20T08:36:14.817326+00:00 DEBUG 'ansible_navigator.main' sepolicy==3.6 /usr/lib/python3.9/site-packages/sepolicy/__init__.py
2024-11-20T08:36:14.817457+00:00 DEBUG 'ansible_navigator.main' setools==4.4.4 /usr/lib64/python3.9/site-packages/setools/__init__.py
2024-11-20T08:36:14.817588+00:00 DEBUG 'ansible_navigator.main' setroubleshoot==3.3.32 /usr/lib/python3.9/site-packages/setroubleshoot/__init__.py
2024-11-20T08:36:14.817751+00:00 DEBUG 'ansible_navigator.main' setuptools==75.5.0 /home/rhceuser/.local/lib/python3.9/site-packages/setuptools/__init__.py
2024-11-20T08:36:14.817894+00:00 DEBUG 'ansible_navigator.main' six==1.15.0 /usr/lib/python3.9/site-packages/six.py
2024-11-20T08:36:14.818124+00:00 DEBUG 'ansible_navigator.main' sos==4.7.2 /usr/lib/python3.9/site-packages/sos/__init__.py
2024-11-20T08:36:14.818268+00:00 DEBUG 'ansible_navigator.main' subprocess-tee==0.4.2 
2024-11-20T08:36:14.818380+00:00 DEBUG 'ansible_navigator.main' subscription-manager==1.29.42 
2024-11-20T08:36:14.818512+00:00 DEBUG 'ansible_navigator.main' tomli==2.1.0 /home/rhceuser/.local/lib/python3.9/site-packages/tomli/__init__.py
2024-11-20T08:36:14.818665+00:00 DEBUG 'ansible_navigator.main' typing_extensions==4.12.2 /home/rhceuser/.local/lib/python3.9/site-packages/typing_extensions.py
2024-11-20T08:36:14.818769+00:00 DEBUG 'ansible_navigator.main' tzdata==2024.2 /home/rhceuser/.local/lib/python3.9/site-packages/tzdata/__init__.py
2024-11-20T08:36:14.818907+00:00 DEBUG 'ansible_navigator.main' urllib3==1.26.5 /usr/lib/python3.9/site-packages/urllib3/__init__.py
2024-11-20T08:36:14.819047+00:00 DEBUG 'ansible_navigator.main' wcmatch==10.0 /home/rhceuser/.local/lib/python3.9/site-packages/wcmatch/__init__.py
2024-11-20T08:36:14.819155+00:00 DEBUG 'ansible_navigator.main' yamllint==1.35.1 /home/rhceuser/.local/lib/python3.9/site-packages/yamllint/__init__.py
2024-11-20T08:36:14.819289+00:00 DEBUG 'ansible_navigator.main' zipp==3.21.0 /home/rhceuser/.local/lib/python3.9/site-packages/zipp/__init__.py
2024-11-20T08:36:14.819457+00:00 DEBUG 'ansible_navigator.main' Default collection_doc_cache_path set to: /home/rhceuser/.cache/ansible-navigator/collection_doc_cache.db
2024-11-20T08:36:14.819570+00:00 DEBUG 'ansible_navigator.main' EDITOR environment variable not set
2024-11-20T08:36:14.819726+00:00 DEBUG 'ansible_navigator.main' Default editor_command set to: vi +{line_number} {filename}
2024-11-20T08:36:14.819854+00:00 DEBUG 'ansible_navigator.main' No config file set by ANSIBLE_NAVIGATOR_CONFIG
2024-11-20T08:36:14.819969+00:00 DEBUG 'ansible_navigator.main' Looking in /home/rhceuser
2024-11-20T08:36:14.820109+00:00 DEBUG 'ansible_navigator.main' Looking for '/home/rhceuser/.ansible-navigator.yml', '/home/rhceuser/.ansible-navigator.yaml' and '/home/rhceuser/.ansible-navigator.json'
2024-11-20T08:36:14.820239+00:00 DEBUG 'ansible_navigator.main' Found 0: 
2024-11-20T08:36:14.820354+00:00 DEBUG 'ansible_navigator.main' Looking in /mnt/hgfs/learn-ansible/playbook
2024-11-20T08:36:14.820512+00:00 DEBUG 'ansible_navigator.main' Looking for '/mnt/hgfs/learn-ansible/playbook/ansible-navigator.yml', '/mnt/hgfs/learn-ansible/playbook/ansible-navigator.yaml' and '/mnt/hgfs/learn-ansible/playbook/ansible-navigator.json'
2024-11-20T08:36:14.820649+00:00 DEBUG 'ansible_navigator.main' Found 0: 
2024-11-20T08:36:14.820756+00:00 DEBUG 'ansible_navigator.main' All found 0: 
2024-11-20T08:36:14.820910+00:00 DEBUG 'ansible_navigator.main' Using: None
2024-11-20T08:36:14.821054+00:00 DEBUG 'ansible_navigator.main' No valid settings file found, using all default values for settings.
2024-11-20T08:36:14.821165+00:00 DEBUG 'ansible_navigator.main' Command provided: '--execution-environment false install-httpd-artifact-2024-11-20T08:26:55.035452+00:00.json'
2024-11-20T08:36:14.821301+00:00 WARNING 'ansible_navigator.main' Configuration errors encountered, rolling back to previous configuration.
2024-11-20T08:36:14.821432+00:00 DEBUG 'ansible_navigator.main' Prior to rollback: ansible_runner_artifact_dir = 'Not set' (Constants/Not set)
2024-11-20T08:36:14.821603+00:00 DEBUG 'ansible_navigator.main' Prior to rollback: ansible_runner_rotate_artifacts_count = 'Not set' (Constants/Not set)
2024-11-20T08:36:14.821869+00:00 DEBUG 'ansible_navigator.main' Prior to rollback: ansible_runner_timeout = 'Not set' (Constants/Not set)
2024-11-20T08:36:14.822066+00:00 DEBUG 'ansible_navigator.main' Prior to rollback: ansible_runner_write_job_events = 'False' (bool/Defaults)
2024-11-20T08:36:14.822196+00:00 DEBUG 'ansible_navigator.main' Prior to rollback: app = 'welcome' (str/Defaults)
2024-11-20T08:36:14.822356+00:00 DEBUG 'ansible_navigator.main' Prior to rollback: cmdline = '['--execution-environment', 'false', 'install-httpd-artifact-2024-11-20T08:26:55.035452+00:00.json']' (list/Command line)
2024-11-20T08:36:14.822610+00:00 DEBUG 'ansible_navigator.main' Prior to rollback: collection_doc_cache_path = '/home/rhceuser/.cache/ansible-navigator/collection_doc_cache.db' (str/Defaults)
2024-11-20T08:36:14.822926+00:00 DEBUG 'ansible_navigator.main' Prior to rollback: config = '/mnt/hgfs/learn-ansible/base/ansible.cfg' (str/Environment variable)
2024-11-20T08:36:14.823169+00:00 DEBUG 'ansible_navigator.main' Prior to rollback: container_engine = 'auto' (str/Defaults)
2024-11-20T08:36:14.823288+00:00 DEBUG 'ansible_navigator.main' Prior to rollback: container_options = 'Not set' (Constants/Not set)
2024-11-20T08:36:14.823519+00:00 DEBUG 'ansible_navigator.main' Prior to rollback: display_color = 'True' (bool/Defaults)
2024-11-20T08:36:14.823712+00:00 DEBUG 'ansible_navigator.main' Prior to rollback: editor_command = 'vi +{line_number} {filename}' (str/Defaults)
2024-11-20T08:36:14.823818+00:00 DEBUG 'ansible_navigator.main' Prior to rollback: editor_console = 'True' (bool/Defaults)
2024-11-20T08:36:14.823977+00:00 DEBUG 'ansible_navigator.main' Prior to rollback: enable_prompts = 'False' (bool/Defaults)
2024-11-20T08:36:14.824138+00:00 DEBUG 'ansible_navigator.main' Prior to rollback: exec_command = '/bin/bash' (str/Defaults)
2024-11-20T08:36:14.824261+00:00 DEBUG 'ansible_navigator.main' Prior to rollback: exec_shell = 'True' (bool/Defaults)
2024-11-20T08:36:14.824425+00:00 DEBUG 'ansible_navigator.main' Prior to rollback: execution_environment = 'false' (str/Command line)
2024-11-20T08:36:14.824589+00:00 DEBUG 'ansible_navigator.main' Prior to rollback: execution_environment_image = 'ghcr.io/ansible/creator-ee:v0.22.0' (str/Defaults)
2024-11-20T08:36:14.824700+00:00 DEBUG 'ansible_navigator.main' Prior to rollback: execution_environment_volume_mounts = 'Not set' (Constants/Not set)
2024-11-20T08:36:14.824832+00:00 DEBUG 'ansible_navigator.main' Prior to rollback: format = 'yaml' (str/Defaults)
2024-11-20T08:36:14.825001+00:00 DEBUG 'ansible_navigator.main' Prior to rollback: help_builder = 'False' (bool/Defaults)
2024-11-20T08:36:14.825132+00:00 DEBUG 'ansible_navigator.main' Prior to rollback: help_config = 'False' (bool/Defaults)
2024-11-20T08:36:14.825281+00:00 DEBUG 'ansible_navigator.main' Prior to rollback: help_doc = 'False' (bool/Defaults)
2024-11-20T08:36:14.825448+00:00 DEBUG 'ansible_navigator.main' Prior to rollback: help_inventory = 'False' (bool/Defaults)
2024-11-20T08:36:14.825575+00:00 DEBUG 'ansible_navigator.main' Prior to rollback: help_playbook = 'False' (bool/Defaults)
2024-11-20T08:36:14.825730+00:00 DEBUG 'ansible_navigator.main' Prior to rollback: images_details = '['everything']' (list/Defaults)
2024-11-20T08:36:14.825877+00:00 DEBUG 'ansible_navigator.main' Prior to rollback: inventory = 'Not set' (Constants/Not set)
2024-11-20T08:36:14.825993+00:00 DEBUG 'ansible_navigator.main' Prior to rollback: inventory_column = 'Not set' (Constants/Not set)
2024-11-20T08:36:14.826139+00:00 DEBUG 'ansible_navigator.main' Prior to rollback: lint_config = 'Not set' (Constants/Not set)
2024-11-20T08:36:14.826277+00:00 DEBUG 'ansible_navigator.main' Prior to rollback: lintables = 'Not set' (Constants/Not set)
2024-11-20T08:36:14.826426+00:00 DEBUG 'ansible_navigator.main' Prior to rollback: log_append = 'True' (bool/Defaults)
2024-11-20T08:36:14.826589+00:00 DEBUG 'ansible_navigator.main' Prior to rollback: log_file = '/mnt/hgfs/learn-ansible/playbook/ansible-navigator.log' (str/Defaults)
2024-11-20T08:36:14.826722+00:00 DEBUG 'ansible_navigator.main' Prior to rollback: log_level = 'warning' (str/Defaults)
2024-11-20T08:36:14.826832+00:00 DEBUG 'ansible_navigator.main' Prior to rollback: mode = 'interactive' (str/Defaults)
2024-11-20T08:36:14.826964+00:00 DEBUG 'ansible_navigator.main' Prior to rollback: osc4 = 'True' (bool/Defaults)
2024-11-20T08:36:14.827108+00:00 DEBUG 'ansible_navigator.main' Prior to rollback: pass_environment_variable = 'Not set' (Constants/Not set)
2024-11-20T08:36:14.827214+00:00 DEBUG 'ansible_navigator.main' Prior to rollback: playbook = 'Not set' (Constants/Not set)
2024-11-20T08:36:14.827484+00:00 DEBUG 'ansible_navigator.main' Prior to rollback: playbook_artifact_enable = 'True' (bool/Defaults)
2024-11-20T08:36:14.827626+00:00 DEBUG 'ansible_navigator.main' Prior to rollback: playbook_artifact_replay = 'Not set' (Constants/Not set)
2024-11-20T08:36:14.827772+00:00 DEBUG 'ansible_navigator.main' Prior to rollback: playbook_artifact_save_as = '{playbook_dir}/{playbook_name}-artifact-{time_stamp}.json' (str/Defaults)
2024-11-20T08:36:14.827914+00:00 DEBUG 'ansible_navigator.main' Prior to rollback: plugin_name = 'Not set' (Constants/Not set)
2024-11-20T08:36:14.828081+00:00 DEBUG 'ansible_navigator.main' Prior to rollback: plugin_type = 'module' (str/Defaults)
2024-11-20T08:36:14.828216+00:00 DEBUG 'ansible_navigator.main' Prior to rollback: pull_arguments = 'Not set' (Constants/Not set)
2024-11-20T08:36:14.828353+00:00 DEBUG 'ansible_navigator.main' Prior to rollback: pull_policy = 'tag' (str/Defaults)
2024-11-20T08:36:14.828473+00:00 DEBUG 'ansible_navigator.main' Prior to rollback: set_environment_variable = 'Not set' (Constants/Not set)
2024-11-20T08:36:14.828630+00:00 DEBUG 'ansible_navigator.main' Prior to rollback: settings_effective = 'False' (bool/Defaults)
2024-11-20T08:36:14.828756+00:00 DEBUG 'ansible_navigator.main' Prior to rollback: settings_sample = 'False' (bool/Defaults)
2024-11-20T08:36:14.828868+00:00 DEBUG 'ansible_navigator.main' Prior to rollback: settings_schema = 'json' (str/Defaults)
2024-11-20T08:36:14.829000+00:00 DEBUG 'ansible_navigator.main' Prior to rollback: settings_sources = 'False' (bool/Defaults)
2024-11-20T08:36:14.829130+00:00 DEBUG 'ansible_navigator.main' Prior to rollback: time_zone = 'UTC' (str/Defaults)
2024-11-20T08:36:14.829237+00:00 DEBUG 'ansible_navigator.main' Prior to rollback: workdir = '/mnt/hgfs/learn-ansible/playbook' (str/Defaults)
2024-11-20T08:36:14.829399+00:00 DEBUG 'ansible_navigator.main' After rollback: ansible_runner_artifact_dir = 'Not set' (Constants/Not set)
2024-11-20T08:36:14.829539+00:00 DEBUG 'ansible_navigator.main' After rollback: ansible_runner_rotate_artifacts_count = 'Not set' (Constants/Not set)
2024-11-20T08:36:14.829693+00:00 DEBUG 'ansible_navigator.main' After rollback: ansible_runner_timeout = 'Not set' (Constants/Not set)
2024-11-20T08:36:14.829838+00:00 DEBUG 'ansible_navigator.main' After rollback: ansible_runner_write_job_events = 'Not set' (Constants/Not set)
2024-11-20T08:36:14.829975+00:00 DEBUG 'ansible_navigator.main' After rollback: app = 'Not set' (Constants/Not set)
2024-11-20T08:36:14.830164+00:00 DEBUG 'ansible_navigator.main' After rollback: cmdline = 'Not set' (Constants/Not set)
2024-11-20T08:36:14.830304+00:00 DEBUG 'ansible_navigator.main' After rollback: collection_doc_cache_path = 'Not set' (Constants/Not set)
2024-11-20T08:36:14.830419+00:00 DEBUG 'ansible_navigator.main' After rollback: config = 'Not set' (Constants/Not set)
2024-11-20T08:36:14.830541+00:00 DEBUG 'ansible_navigator.main' After rollback: container_engine = 'Not set' (Constants/Not set)
2024-11-20T08:36:14.830659+00:00 DEBUG 'ansible_navigator.main' After rollback: container_options = 'Not set' (Constants/Not set)
2024-11-20T08:36:14.830795+00:00 DEBUG 'ansible_navigator.main' After rollback: display_color = 'Not set' (Constants/Not set)
2024-11-20T08:36:14.830907+00:00 DEBUG 'ansible_navigator.main' After rollback: editor_command = 'Not set' (Constants/Not set)
2024-11-20T08:36:14.831053+00:00 DEBUG 'ansible_navigator.main' After rollback: editor_console = 'Not set' (Constants/Not set)
2024-11-20T08:36:14.831163+00:00 DEBUG 'ansible_navigator.main' After rollback: enable_prompts = 'Not set' (Constants/Not set)
2024-11-20T08:36:14.831272+00:00 DEBUG 'ansible_navigator.main' After rollback: exec_command = 'Not set' (Constants/Not set)
2024-11-20T08:36:14.831381+00:00 DEBUG 'ansible_navigator.main' After rollback: exec_shell = 'Not set' (Constants/Not set)
2024-11-20T08:36:14.831490+00:00 DEBUG 'ansible_navigator.main' After rollback: execution_environment = 'Not set' (Constants/Not set)
2024-11-20T08:36:14.831690+00:00 DEBUG 'ansible_navigator.main' After rollback: execution_environment_image = 'Not set' (Constants/Not set)
2024-11-20T08:36:14.831803+00:00 DEBUG 'ansible_navigator.main' After rollback: execution_environment_volume_mounts = 'Not set' (Constants/Not set)
2024-11-20T08:36:14.831913+00:00 DEBUG 'ansible_navigator.main' After rollback: format = 'Not set' (Constants/Not set)
2024-11-20T08:36:14.832021+00:00 DEBUG 'ansible_navigator.main' After rollback: help_builder = 'Not set' (Constants/Not set)
2024-11-20T08:36:14.832141+00:00 DEBUG 'ansible_navigator.main' After rollback: help_config = 'Not set' (Constants/Not set)
2024-11-20T08:36:14.832250+00:00 DEBUG 'ansible_navigator.main' After rollback: help_doc = 'Not set' (Constants/Not set)
2024-11-20T08:36:14.832512+00:00 DEBUG 'ansible_navigator.main' After rollback: help_inventory = 'Not set' (Constants/Not set)
2024-11-20T08:36:14.832719+00:00 DEBUG 'ansible_navigator.main' After rollback: help_playbook = 'Not set' (Constants/Not set)
2024-11-20T08:36:14.832872+00:00 DEBUG 'ansible_navigator.main' After rollback: images_details = 'Not set' (Constants/Not set)
2024-11-20T08:36:14.833067+00:00 DEBUG 'ansible_navigator.main' After rollback: inventory = 'Not set' (Constants/Not set)
2024-11-20T08:36:14.833215+00:00 DEBUG 'ansible_navigator.main' After rollback: inventory_column = 'Not set' (Constants/Not set)
2024-11-20T08:36:14.833376+00:00 DEBUG 'ansible_navigator.main' After rollback: lint_config = 'Not set' (Constants/Not set)
2024-11-20T08:36:14.833555+00:00 DEBUG 'ansible_navigator.main' After rollback: lintables = 'Not set' (Constants/Not set)
2024-11-20T08:36:14.833694+00:00 DEBUG 'ansible_navigator.main' After rollback: log_append = 'Not set' (Constants/Not set)
2024-11-20T08:36:14.833815+00:00 DEBUG 'ansible_navigator.main' After rollback: log_file = 'Not set' (Constants/Not set)
2024-11-20T08:36:14.833934+00:00 DEBUG 'ansible_navigator.main' After rollback: log_level = 'Not set' (Constants/Not set)
2024-11-20T08:36:14.834072+00:00 DEBUG 'ansible_navigator.main' After rollback: mode = 'Not set' (Constants/Not set)
2024-11-20T08:36:14.834240+00:00 DEBUG 'ansible_navigator.main' After rollback: osc4 = 'Not set' (Constants/Not set)
2024-11-20T08:36:14.834386+00:00 DEBUG 'ansible_navigator.main' After rollback: pass_environment_variable = 'Not set' (Constants/Not set)
2024-11-20T08:36:14.834516+00:00 DEBUG 'ansible_navigator.main' After rollback: playbook = 'Not set' (Constants/Not set)
2024-11-20T08:36:14.834900+00:00 DEBUG 'ansible_navigator.main' After rollback: playbook_artifact_enable = 'Not set' (Constants/Not set)
2024-11-20T08:36:14.835026+00:00 DEBUG 'ansible_navigator.main' After rollback: playbook_artifact_replay = 'Not set' (Constants/Not set)
2024-11-20T08:36:14.835164+00:00 DEBUG 'ansible_navigator.main' After rollback: playbook_artifact_save_as = 'Not set' (Constants/Not set)
2024-11-20T08:36:14.835316+00:00 DEBUG 'ansible_navigator.main' After rollback: plugin_name = 'Not set' (Constants/Not set)
2024-11-20T08:36:14.835435+00:00 DEBUG 'ansible_navigator.main' After rollback: plugin_type = 'Not set' (Constants/Not set)
2024-11-20T08:36:14.835553+00:00 DEBUG 'ansible_navigator.main' After rollback: pull_arguments = 'Not set' (Constants/Not set)
2024-11-20T08:36:14.835669+00:00 DEBUG 'ansible_navigator.main' After rollback: pull_policy = 'Not set' (Constants/Not set)
2024-11-20T08:36:14.835790+00:00 DEBUG 'ansible_navigator.main' After rollback: set_environment_variable = 'Not set' (Constants/Not set)
2024-11-20T08:36:14.835907+00:00 DEBUG 'ansible_navigator.main' After rollback: settings_effective = 'Not set' (Constants/Not set)
2024-11-20T08:36:14.836068+00:00 DEBUG 'ansible_navigator.main' After rollback: settings_sample = 'Not set' (Constants/Not set)
2024-11-20T08:36:14.836181+00:00 DEBUG 'ansible_navigator.main' After rollback: settings_schema = 'Not set' (Constants/Not set)
2024-11-20T08:36:14.836290+00:00 DEBUG 'ansible_navigator.main' After rollback: settings_sources = 'Not set' (Constants/Not set)
2024-11-20T08:36:14.836498+00:00 DEBUG 'ansible_navigator.main' After rollback: time_zone = 'Not set' (Constants/Not set)
2024-11-20T08:36:14.836621+00:00 DEBUG 'ansible_navigator.main' After rollback: workdir = 'Not set' (Constants/Not set)
2024-11-20T08:36:14.836768+00:00 DEBUG 'ansible_navigator.main' Configuration rollback complete.
2024-11-20T08:36:14.836885+00:00 DEBUG 'ansible_navigator.main' Collection doc cache not mounted
2024-11-20T08:36:14.837023+00:00 WARNING 'ansible_navigator.main' Issues were found while applying the settings.
2024-11-20T08:36:14.837167+00:00 INFO 'ansible_navigator.main' Command provided: '--execution-environment false install-httpd-artifact-2024-11-20T08:26:55.035452+00:00.json'
2024-11-20T08:36:14.837297+00:00 ERROR 'ansible_navigator.main' argument {subcommand} --help: invalid choice: 'install-httpd-artifact-2024-11-20T08:26:55.035452+00:00.json' (choose from 'builder', 'collections', 'config', 'doc', 'exec', 'images', 'inventory', 'lint', 'replay', 'run', 'settings', 'welcome')
2024-11-20T08:36:14.837424+00:00 INFO 'ansible_navigator.main' Configuration failed, using default log file location. (/mnt/hgfs/learn-ansible/playbook/ansible-navigator.log) Log level set to debug
2024-11-20T08:36:14.837543+00:00 INFO 'ansible_navigator.main' Review the hints and log file to see what went wrong.
2024-11-20T08:37:00.810512+00:00 INFO 'ansible_navigator.setup_logger' New ansible-navigator instance, logging initialized
2024-11-20T08:37:00.810993+00:00 INFO 'ansible_navigator.setup_logger' New ansible-runner instance, logging initialized
2024-11-20T08:37:00.811208+00:00 DEBUG 'ansible_navigator.main' Jinja2==3.1.4 
2024-11-20T08:37:00.811341+00:00 DEBUG 'ansible_navigator.main' MarkupSafe==3.0.2 
2024-11-20T08:37:00.811486+00:00 DEBUG 'ansible_navigator.main' Parsley==1.3 
2024-11-20T08:37:00.811630+00:00 DEBUG 'ansible_navigator.main' PySocks==1.7.1 
2024-11-20T08:37:00.811753+00:00 DEBUG 'ansible_navigator.main' PyYAML==5.4.1 
2024-11-20T08:37:00.811860+00:00 DEBUG 'ansible_navigator.main' Pygments==2.18.0 
2024-11-20T08:37:00.811967+00:00 DEBUG 'ansible_navigator.main' ansible-builder==3.1.0 
2024-11-20T08:37:00.812098+00:00 DEBUG 'ansible_navigator.main' ansible-compat==24.10.0 
2024-11-20T08:37:00.812207+00:00 DEBUG 'ansible_navigator.main' ansible-core==2.15.13 
2024-11-20T08:37:00.812354+00:00 DEBUG 'ansible_navigator.main' ansible-lint==6.22.2 
2024-11-20T08:37:00.812468+00:00 DEBUG 'ansible_navigator.main' ansible-navigator==24.2.0 
2024-11-20T08:37:00.812595+00:00 DEBUG 'ansible_navigator.main' ansible-runner==2.4.0 
2024-11-20T08:37:00.812696+00:00 DEBUG 'ansible_navigator.main' ansible==8.7.0 /home/rhceuser/.local/lib/python3.9/site-packages/ansible/__init__.py
2024-11-20T08:37:00.812809+00:00 DEBUG 'ansible_navigator.main' attrs==24.2.0 /home/rhceuser/.local/lib/python3.9/site-packages/attrs/__init__.py
2024-11-20T08:37:00.812910+00:00 DEBUG 'ansible_navigator.main' bindep==2.11.0 /home/rhceuser/.local/lib/python3.9/site-packages/bindep/__init__.py
2024-11-20T08:37:00.813091+00:00 DEBUG 'ansible_navigator.main' black==24.10.0 /home/rhceuser/.local/lib/python3.9/site-packages/black/__init__.cpython-39-x86_64-linux-gnu.so
2024-11-20T08:37:00.813210+00:00 DEBUG 'ansible_navigator.main' bracex==2.5.post1 /home/rhceuser/.local/lib/python3.9/site-packages/bracex/__init__.py
2024-11-20T08:37:00.813323+00:00 DEBUG 'ansible_navigator.main' cffi==1.17.1 /home/rhceuser/.local/lib/python3.9/site-packages/cffi/__init__.py
2024-11-20T08:37:00.813462+00:00 DEBUG 'ansible_navigator.main' chardet==4.0.0 /usr/lib/python3.9/site-packages/chardet/__init__.py
2024-11-20T08:37:00.813740+00:00 DEBUG 'ansible_navigator.main' click==8.1.7 /home/rhceuser/.local/lib/python3.9/site-packages/click/__init__.py
2024-11-20T08:37:00.813886+00:00 DEBUG 'ansible_navigator.main' cockpit==323.1 /usr/lib/python3.9/site-packages/cockpit/__init__.py
2024-11-20T08:37:00.814001+00:00 DEBUG 'ansible_navigator.main' cryptography==43.0.3 /home/rhceuser/.local/lib/python3.9/site-packages/cryptography/__init__.py
2024-11-20T08:37:00.814259+00:00 DEBUG 'ansible_navigator.main' dasbus==1.4 /usr/lib/python3.9/site-packages/dasbus/__init__.py
2024-11-20T08:37:00.814375+00:00 DEBUG 'ansible_navigator.main' dbus-python==1.2.18 
2024-11-20T08:37:00.814502+00:00 DEBUG 'ansible_navigator.main' decorator==4.4.2 /usr/lib/python3.9/site-packages/decorator.py
2024-11-20T08:37:00.814626+00:00 DEBUG 'ansible_navigator.main' distro==1.9.0 /home/rhceuser/.local/lib/python3.9/site-packages/distro/__init__.py
2024-11-20T08:37:00.814734+00:00 DEBUG 'ansible_navigator.main' file-magic==0.4.0 
2024-11-20T08:37:00.814845+00:00 DEBUG 'ansible_navigator.main' filelock==3.16.1 /home/rhceuser/.local/lib/python3.9/site-packages/filelock/__init__.py
2024-11-20T08:37:00.814945+00:00 DEBUG 'ansible_navigator.main' idna==2.10 /usr/lib/python3.9/site-packages/idna/__init__.py
2024-11-20T08:37:00.815058+00:00 DEBUG 'ansible_navigator.main' importlib-metadata==6.2.1 
2024-11-20T08:37:00.815176+00:00 DEBUG 'ansible_navigator.main' importlib-resources==5.0.7 
2024-11-20T08:37:00.815304+00:00 DEBUG 'ansible_navigator.main' iniparse==0.4 /usr/lib/python3.9/site-packages/iniparse/__init__.py
2024-11-20T08:37:00.815413+00:00 DEBUG 'ansible_navigator.main' jsonschema-specifications==2024.10.1 
2024-11-20T08:37:00.815542+00:00 DEBUG 'ansible_navigator.main' jsonschema==4.23.0 /home/rhceuser/.local/lib/python3.9/site-packages/jsonschema/__init__.py
2024-11-20T08:37:00.815655+00:00 DEBUG 'ansible_navigator.main' lockfile==0.12.2 /home/rhceuser/.local/lib/python3.9/site-packages/lockfile/__init__.py
2024-11-20T08:37:00.815759+00:00 DEBUG 'ansible_navigator.main' lxml==4.6.5 /usr/lib64/python3.9/site-packages/lxml/__init__.py
2024-11-20T08:37:00.815866+00:00 DEBUG 'ansible_navigator.main' markdown-it-py==3.0.0 
2024-11-20T08:37:00.815967+00:00 DEBUG 'ansible_navigator.main' mdurl==0.1.2 /home/rhceuser/.local/lib/python3.9/site-packages/mdurl/__init__.py
2024-11-20T08:37:00.816091+00:00 DEBUG 'ansible_navigator.main' mypy-extensions==1.0.0 
2024-11-20T08:37:00.816203+00:00 DEBUG 'ansible_navigator.main' nftables==0.1 /usr/lib/python3.9/site-packages/nftables/__init__.py
2024-11-20T08:37:00.816307+00:00 DEBUG 'ansible_navigator.main' onigurumacffi==1.3.0 /home/rhceuser/.local/lib/python3.9/site-packages/onigurumacffi.py
2024-11-20T08:37:00.816412+00:00 DEBUG 'ansible_navigator.main' packaging==24.2 /home/rhceuser/.local/lib/python3.9/site-packages/packaging/__init__.py
2024-11-20T08:37:00.816518+00:00 DEBUG 'ansible_navigator.main' pathspec==0.12.1 /home/rhceuser/.local/lib/python3.9/site-packages/pathspec/__init__.py
2024-11-20T08:37:00.816646+00:00 DEBUG 'ansible_navigator.main' pbr==6.1.0 /home/rhceuser/.local/lib/python3.9/site-packages/pbr/__init__.py
2024-11-20T08:37:00.816751+00:00 DEBUG 'ansible_navigator.main' perf==0.1 /usr/lib64/python3.9/site-packages/perf.cpython-39-x86_64-linux-gnu.so
2024-11-20T08:37:00.816854+00:00 DEBUG 'ansible_navigator.main' pip==21.3.1 /usr/lib/python3.9/site-packages/pip/__init__.py
2024-11-20T08:37:00.816960+00:00 DEBUG 'ansible_navigator.main' platformdirs==4.3.6 /home/rhceuser/.local/lib/python3.9/site-packages/platformdirs/__init__.py
2024-11-20T08:37:00.817068+00:00 DEBUG 'ansible_navigator.main' psutil==5.8.0 /usr/lib64/python3.9/site-packages/psutil/__init__.py
2024-11-20T08:37:00.817177+00:00 DEBUG 'ansible_navigator.main' pycairo==1.20.1 
2024-11-20T08:37:00.817275+00:00 DEBUG 'ansible_navigator.main' pycparser==2.22 /home/rhceuser/.local/lib/python3.9/site-packages/pycparser/__init__.py
2024-11-20T08:37:00.817374+00:00 DEBUG 'ansible_navigator.main' pyinotify==0.9.6 /usr/lib/python3.9/site-packages/pyinotify.py
2024-11-20T08:37:00.817472+00:00 DEBUG 'ansible_navigator.main' python-daemon==3.1.0 
2024-11-20T08:37:00.817631+00:00 DEBUG 'ansible_navigator.main' python-dateutil==2.8.1 
2024-11-20T08:37:00.817740+00:00 DEBUG 'ansible_navigator.main' python-linux-procfs==0.7.3 
2024-11-20T08:37:00.817845+00:00 DEBUG 'ansible_navigator.main' pyudev==0.22.0 /usr/lib/python3.9/site-packages/pyudev/__init__.py
2024-11-20T08:37:00.818044+00:00 DEBUG 'ansible_navigator.main' referencing==0.35.1 /home/rhceuser/.local/lib/python3.9/site-packages/referencing/__init__.py
2024-11-20T08:37:00.818161+00:00 DEBUG 'ansible_navigator.main' requests==2.25.1 /usr/lib/python3.9/site-packages/requests/__init__.py
2024-11-20T08:37:00.818267+00:00 DEBUG 'ansible_navigator.main' resolvelib==1.0.1 /home/rhceuser/.local/lib/python3.9/site-packages/resolvelib/__init__.py
2024-11-20T08:37:00.818372+00:00 DEBUG 'ansible_navigator.main' rich==13.9.4 /home/rhceuser/.local/lib/python3.9/site-packages/rich/__init__.py
2024-11-20T08:37:00.818479+00:00 DEBUG 'ansible_navigator.main' rpds-py==0.21.0 
2024-11-20T08:37:00.818591+00:00 DEBUG 'ansible_navigator.main' ruamel.yaml.clib==0.2.12 
2024-11-20T08:37:00.818702+00:00 DEBUG 'ansible_navigator.main' ruamel.yaml==0.18.6 /home/rhceuser/.local/lib/python3.9/site-packages/ruamel/yaml/__init__.py
2024-11-20T08:37:00.818812+00:00 DEBUG 'ansible_navigator.main' selinux==3.6 /usr/lib64/python3.9/site-packages/selinux/__init__.py
2024-11-20T08:37:00.818941+00:00 DEBUG 'ansible_navigator.main' sepolicy==3.6 /usr/lib/python3.9/site-packages/sepolicy/__init__.py
2024-11-20T08:37:00.819050+00:00 DEBUG 'ansible_navigator.main' setools==4.4.4 /usr/lib64/python3.9/site-packages/setools/__init__.py
2024-11-20T08:37:00.819152+00:00 DEBUG 'ansible_navigator.main' setroubleshoot==3.3.32 /usr/lib/python3.9/site-packages/setroubleshoot/__init__.py
2024-11-20T08:37:00.819252+00:00 DEBUG 'ansible_navigator.main' setuptools==75.5.0 /home/rhceuser/.local/lib/python3.9/site-packages/setuptools/__init__.py
2024-11-20T08:37:00.819351+00:00 DEBUG 'ansible_navigator.main' six==1.15.0 /usr/lib/python3.9/site-packages/six.py
2024-11-20T08:37:00.819464+00:00 DEBUG 'ansible_navigator.main' sos==4.7.2 /usr/lib/python3.9/site-packages/sos/__init__.py
2024-11-20T08:37:00.819566+00:00 DEBUG 'ansible_navigator.main' subprocess-tee==0.4.2 
2024-11-20T08:37:00.819667+00:00 DEBUG 'ansible_navigator.main' subscription-manager==1.29.42 
2024-11-20T08:37:00.819776+00:00 DEBUG 'ansible_navigator.main' tomli==2.1.0 /home/rhceuser/.local/lib/python3.9/site-packages/tomli/__init__.py
2024-11-20T08:37:00.819958+00:00 DEBUG 'ansible_navigator.main' typing_extensions==4.12.2 /home/rhceuser/.local/lib/python3.9/site-packages/typing_extensions.py
2024-11-20T08:37:00.820107+00:00 DEBUG 'ansible_navigator.main' tzdata==2024.2 /home/rhceuser/.local/lib/python3.9/site-packages/tzdata/__init__.py
2024-11-20T08:37:00.820227+00:00 DEBUG 'ansible_navigator.main' urllib3==1.26.5 /usr/lib/python3.9/site-packages/urllib3/__init__.py
2024-11-20T08:37:00.820352+00:00 DEBUG 'ansible_navigator.main' wcmatch==10.0 /home/rhceuser/.local/lib/python3.9/site-packages/wcmatch/__init__.py
2024-11-20T08:37:00.820456+00:00 DEBUG 'ansible_navigator.main' yamllint==1.35.1 /home/rhceuser/.local/lib/python3.9/site-packages/yamllint/__init__.py
2024-11-20T08:37:00.820566+00:00 DEBUG 'ansible_navigator.main' zipp==3.21.0 /home/rhceuser/.local/lib/python3.9/site-packages/zipp/__init__.py
2024-11-20T08:37:00.820692+00:00 DEBUG 'ansible_navigator.main' Default collection_doc_cache_path set to: /home/rhceuser/.cache/ansible-navigator/collection_doc_cache.db
2024-11-20T08:37:00.820811+00:00 DEBUG 'ansible_navigator.main' EDITOR environment variable not set
2024-11-20T08:37:00.820977+00:00 DEBUG 'ansible_navigator.main' Default editor_command set to: vi +{line_number} {filename}
2024-11-20T08:37:00.821148+00:00 DEBUG 'ansible_navigator.main' No config file set by ANSIBLE_NAVIGATOR_CONFIG
2024-11-20T08:37:00.821307+00:00 DEBUG 'ansible_navigator.main' Looking in /home/rhceuser
2024-11-20T08:37:00.821428+00:00 DEBUG 'ansible_navigator.main' Looking for '/home/rhceuser/.ansible-navigator.yml', '/home/rhceuser/.ansible-navigator.yaml' and '/home/rhceuser/.ansible-navigator.json'
2024-11-20T08:37:00.821549+00:00 DEBUG 'ansible_navigator.main' Found 0: 
2024-11-20T08:37:00.821662+00:00 DEBUG 'ansible_navigator.main' Looking in /mnt/hgfs/learn-ansible/playbook
2024-11-20T08:37:00.821770+00:00 DEBUG 'ansible_navigator.main' Looking for '/mnt/hgfs/learn-ansible/playbook/ansible-navigator.yml', '/mnt/hgfs/learn-ansible/playbook/ansible-navigator.yaml' and '/mnt/hgfs/learn-ansible/playbook/ansible-navigator.json'
2024-11-20T08:37:00.821984+00:00 DEBUG 'ansible_navigator.main' Found 0: 
2024-11-20T08:37:00.822124+00:00 DEBUG 'ansible_navigator.main' All found 0: 
2024-11-20T08:37:00.822290+00:00 DEBUG 'ansible_navigator.main' Using: None
2024-11-20T08:37:00.822431+00:00 DEBUG 'ansible_navigator.main' No valid settings file found, using all default values for settings.
2024-11-20T08:37:00.822551+00:00 DEBUG 'ansible_navigator.main' Command provided: '--execution-environment false replay 'install-httpd-artifact-2024-11-20T08\:26\:55.035452+00\:00.json''
2024-11-20T08:37:00.822658+00:00 DEBUG 'ansible_navigator.main' EE support disabled: using 'ansible --version' for 'ansible.cfg'
2024-11-20T08:37:00.822764+00:00 DEBUG 'ansible_navigator.main' ansible --version stdout: 'ansible [core 2.15.13]
  config file = /mnt/hgfs/learn-ansible/base/ansible.cfg
  configured module search path = ['/home/rhceuser/.ansible/plugins/modules', '/usr/share/ansible/plugins/modules']
  ansible python module location = /home/rhceuser/.local/lib/python3.9/site-packages/ansible
  ansible collection location = /home/rhceuser/.ansible/collections:/usr/share/ansible/collections
  executable location = /home/rhceuser/.local/bin/ansible
  python version = 3.9.19 (main, Sep 11 2024, 00:00:00) [GCC 11.5.0 20240719 (Red Hat 11.5.0-2)] (/usr/bin/python3)
  jinja version = 3.1.4
  libyaml = True
'
2024-11-20T08:37:00.822871+00:00 DEBUG 'ansible_navigator.main' Completed post processing for ansible_runner_artifact_dir. (changed=False)
2024-11-20T08:37:00.823009+00:00 DEBUG 'ansible_navigator.main' Completed post processing for ansible_runner_rotate_artifacts_count. (changed=False)
2024-11-20T08:37:00.823127+00:00 DEBUG 'ansible_navigator.main' Completed post processing for ansible_runner_timeout. (changed=False)
2024-11-20T08:37:00.823229+00:00 DEBUG 'ansible_navigator.main' Completed post processing for cmdline. (changed=False)
2024-11-20T08:37:00.823330+00:00 DEBUG 'ansible_navigator.main' Completed post processing for collection_doc_cache_path. (changed=False)
2024-11-20T08:37:00.823429+00:00 DEBUG 'ansible_navigator.main' Completed post processing for container_engine. (changed=True)
2024-11-20T08:37:00.823529+00:00 DEBUG 'ansible_navigator.main'  before: 'auto'
2024-11-20T08:37:00.823629+00:00 DEBUG 'ansible_navigator.main'  after: 'podman'
2024-11-20T08:37:00.823728+00:00 DEBUG 'ansible_navigator.main' Completed post processing for container_options. (changed=False)
2024-11-20T08:37:00.823828+00:00 DEBUG 'ansible_navigator.main' Completed post processing for display_color. (changed=False)
2024-11-20T08:37:00.823932+00:00 DEBUG 'ansible_navigator.main' Completed post processing for enable_prompts. (changed=False)
2024-11-20T08:37:00.824049+00:00 INFO 'ansible_navigator.main' ansible-playbook found at /home/rhceuser/.local/bin/ansible-playbook
2024-11-20T08:37:00.824157+00:00 DEBUG 'ansible_navigator.main' Completed post processing for execution_environment. (changed=True)
2024-11-20T08:37:00.824258+00:00 DEBUG 'ansible_navigator.main'  before: 'false'
2024-11-20T08:37:00.824359+00:00 DEBUG 'ansible_navigator.main'  after: 'False'
2024-11-20T08:37:00.824458+00:00 DEBUG 'ansible_navigator.main' Completed post processing for execution_environment_image. (changed=False)
2024-11-20T08:37:00.824558+00:00 DEBUG 'ansible_navigator.main' Completed post processing for help_builder. (changed=False)
2024-11-20T08:37:00.824659+00:00 DEBUG 'ansible_navigator.main' Completed post processing for help_config. (changed=False)
2024-11-20T08:37:00.824759+00:00 DEBUG 'ansible_navigator.main' Completed post processing for help_doc. (changed=False)
2024-11-20T08:37:00.824857+00:00 DEBUG 'ansible_navigator.main' Completed post processing for help_inventory. (changed=False)
2024-11-20T08:37:00.824956+00:00 DEBUG 'ansible_navigator.main' Completed post processing for help_playbook. (changed=False)
2024-11-20T08:37:00.825141+00:00 DEBUG 'ansible_navigator.main' Completed post processing for images_details. (changed=False)
2024-11-20T08:37:00.825247+00:00 DEBUG 'ansible_navigator.main' Completed post processing for inventory. (changed=True)
2024-11-20T08:37:00.825347+00:00 DEBUG 'ansible_navigator.main'  before: 'Not set'
2024-11-20T08:37:00.825446+00:00 DEBUG 'ansible_navigator.main'  after: '['/mnt/hgfs/learn-ansible/base/inventory.ini']'
2024-11-20T08:37:00.825553+00:00 DEBUG 'ansible_navigator.main' Completed post processing for inventory_column. (changed=False)
2024-11-20T08:37:00.825656+00:00 DEBUG 'ansible_navigator.main' Completed post processing for log_file. (changed=False)
2024-11-20T08:37:00.825761+00:00 DEBUG 'ansible_navigator.main' Completed post processing for pass_environment_variable. (changed=False)
2024-11-20T08:37:00.825860+00:00 DEBUG 'ansible_navigator.main' Completed post processing for playbook. (changed=False)
2024-11-20T08:37:00.825957+00:00 DEBUG 'ansible_navigator.main' Completed post processing for playbook_artifact_replay. (changed=True)
2024-11-20T08:37:00.826104+00:00 DEBUG 'ansible_navigator.main'  before: 'install-httpd-artifact-2024-11-20T08\:26\:55.035452+00\:00.json'
2024-11-20T08:37:00.826228+00:00 DEBUG 'ansible_navigator.main'  after: '/mnt/hgfs/learn-ansible/playbook/install-httpd-artifact-2024-11-20T08\:26\:55.035452+00\:00.json'
2024-11-20T08:37:00.826339+00:00 DEBUG 'ansible_navigator.main' Completed post processing for playbook_artifact_save_as. (changed=False)
2024-11-20T08:37:00.826466+00:00 DEBUG 'ansible_navigator.main' Completed post processing for plugin_name. (changed=False)
2024-11-20T08:37:00.826570+00:00 DEBUG 'ansible_navigator.main' Completed post processing for pull_arguments. (changed=False)
2024-11-20T08:37:00.826693+00:00 DEBUG 'ansible_navigator.main' Completed post processing for set_environment_variable. (changed=False)
2024-11-20T08:37:00.826791+00:00 DEBUG 'ansible_navigator.main' Completed post processing for settings_effective. (changed=False)
2024-11-20T08:37:00.826891+00:00 DEBUG 'ansible_navigator.main' Completed post processing for settings_sample. (changed=False)
2024-11-20T08:37:00.826989+00:00 DEBUG 'ansible_navigator.main' Completed post processing for settings_schema. (changed=False)
2024-11-20T08:37:00.827096+00:00 DEBUG 'ansible_navigator.main' Completed post processing for settings_sources. (changed=False)
2024-11-20T08:37:00.827204+00:00 DEBUG 'ansible_navigator.main' Completed post processing for time_zone. (changed=False)
2024-11-20T08:37:00.827312+00:00 DEBUG 'ansible_navigator.main' Completed post processing for execution_environment_volume_mounts. (changed=False)
2024-11-20T08:37:00.827442+00:00 DEBUG 'ansible_navigator.main' Completed post processing for mode. (changed=False)
2024-11-20T08:37:00.827545+00:00 DEBUG 'ansible_navigator.main' Completed post processing for playbook_artifact_enable. (changed=False)
2024-11-20T08:37:00.827677+00:00 WARNING 'ansible_navigator.main' Configuration errors encountered, rolling back to previous configuration.
2024-11-20T08:37:00.827779+00:00 DEBUG 'ansible_navigator.main' Prior to rollback: ansible_runner_artifact_dir = 'Not set' (Constants/Not set)
2024-11-20T08:37:00.827880+00:00 DEBUG 'ansible_navigator.main' Prior to rollback: ansible_runner_rotate_artifacts_count = 'Not set' (Constants/Not set)
2024-11-20T08:37:00.827980+00:00 DEBUG 'ansible_navigator.main' Prior to rollback: ansible_runner_timeout = 'Not set' (Constants/Not set)
2024-11-20T08:37:00.828087+00:00 DEBUG 'ansible_navigator.main' Prior to rollback: ansible_runner_write_job_events = 'False' (bool/Defaults)
2024-11-20T08:37:00.828187+00:00 DEBUG 'ansible_navigator.main' Prior to rollback: app = 'replay' (str/Command line)
2024-11-20T08:37:00.828331+00:00 DEBUG 'ansible_navigator.main' Prior to rollback: cmdline = 'Not set' (Constants/Not set)
2024-11-20T08:37:00.828439+00:00 DEBUG 'ansible_navigator.main' Prior to rollback: collection_doc_cache_path = '/home/rhceuser/.cache/ansible-navigator/collection_doc_cache.db' (str/Defaults)
2024-11-20T08:37:00.828633+00:00 DEBUG 'ansible_navigator.main' Prior to rollback: config = '/mnt/hgfs/learn-ansible/base/ansible.cfg' (str/Environment variable)
2024-11-20T08:37:00.828736+00:00 DEBUG 'ansible_navigator.main' Prior to rollback: container_engine = 'podman' (str/Automatically determined)
2024-11-20T08:37:00.828834+00:00 DEBUG 'ansible_navigator.main' Prior to rollback: container_options = 'Not set' (Constants/Not set)
2024-11-20T08:37:00.828948+00:00 DEBUG 'ansible_navigator.main' Prior to rollback: display_color = 'True' (bool/Defaults)
2024-11-20T08:37:00.829106+00:00 DEBUG 'ansible_navigator.main' Prior to rollback: editor_command = 'vi +{line_number} {filename}' (str/Defaults)
2024-11-20T08:37:00.829230+00:00 DEBUG 'ansible_navigator.main' Prior to rollback: editor_console = 'True' (bool/Defaults)
2024-11-20T08:37:00.829336+00:00 DEBUG 'ansible_navigator.main' Prior to rollback: enable_prompts = 'False' (bool/Defaults)
2024-11-20T08:37:00.829480+00:00 DEBUG 'ansible_navigator.main' Prior to rollback: exec_command = '/bin/bash' (str/Defaults)
2024-11-20T08:37:00.829608+00:00 DEBUG 'ansible_navigator.main' Prior to rollback: exec_shell = 'True' (bool/Defaults)
2024-11-20T08:37:00.829714+00:00 DEBUG 'ansible_navigator.main' Prior to rollback: execution_environment = 'False' (bool/Command line)
2024-11-20T08:37:00.829818+00:00 DEBUG 'ansible_navigator.main' Prior to rollback: execution_environment_image = 'ghcr.io/ansible/creator-ee:v0.22.0' (str/Defaults)
2024-11-20T08:37:00.829944+00:00 DEBUG 'ansible_navigator.main' Prior to rollback: execution_environment_volume_mounts = 'Not set' (Constants/Not set)
2024-11-20T08:37:00.830066+00:00 DEBUG 'ansible_navigator.main' Prior to rollback: format = 'yaml' (str/Defaults)
2024-11-20T08:37:00.830168+00:00 DEBUG 'ansible_navigator.main' Prior to rollback: help_builder = 'False' (bool/Defaults)
2024-11-20T08:37:00.830268+00:00 DEBUG 'ansible_navigator.main' Prior to rollback: help_config = 'False' (bool/Defaults)
2024-11-20T08:37:00.830405+00:00 DEBUG 'ansible_navigator.main' Prior to rollback: help_doc = 'False' (bool/Defaults)
2024-11-20T08:37:00.830528+00:00 DEBUG 'ansible_navigator.main' Prior to rollback: help_inventory = 'False' (bool/Defaults)
2024-11-20T08:37:00.830656+00:00 DEBUG 'ansible_navigator.main' Prior to rollback: help_playbook = 'False' (bool/Defaults)
2024-11-20T08:37:00.830757+00:00 DEBUG 'ansible_navigator.main' Prior to rollback: images_details = '['everything']' (list/Defaults)
2024-11-20T08:37:00.830857+00:00 DEBUG 'ansible_navigator.main' Prior to rollback: inventory = '['/mnt/hgfs/learn-ansible/base/inventory.ini']' (list/Ansible configuration file)
2024-11-20T08:37:00.830956+00:00 DEBUG 'ansible_navigator.main' Prior to rollback: inventory_column = 'Not set' (Constants/Not set)
2024-11-20T08:37:00.831064+00:00 DEBUG 'ansible_navigator.main' Prior to rollback: lint_config = 'Not set' (Constants/Not set)
2024-11-20T08:37:00.831198+00:00 DEBUG 'ansible_navigator.main' Prior to rollback: lintables = 'Not set' (Constants/Not set)
2024-11-20T08:37:00.831319+00:00 DEBUG 'ansible_navigator.main' Prior to rollback: log_append = 'True' (bool/Defaults)
2024-11-20T08:37:00.831411+00:00 DEBUG 'ansible_navigator.main' Prior to rollback: log_file = '/mnt/hgfs/learn-ansible/playbook/ansible-navigator.log' (str/Defaults)
2024-11-20T08:37:00.831558+00:00 DEBUG 'ansible_navigator.main' Prior to rollback: log_level = 'warning' (str/Defaults)
2024-11-20T08:37:00.831663+00:00 DEBUG 'ansible_navigator.main' Prior to rollback: mode = 'interactive' (str/Defaults)
2024-11-20T08:37:00.831764+00:00 DEBUG 'ansible_navigator.main' Prior to rollback: osc4 = 'True' (bool/Defaults)
2024-11-20T08:37:00.831870+00:00 DEBUG 'ansible_navigator.main' Prior to rollback: pass_environment_variable = 'Not set' (Constants/Not set)
2024-11-20T08:37:00.831972+00:00 DEBUG 'ansible_navigator.main' Prior to rollback: playbook = 'Not set' (Constants/Not set)
2024-11-20T08:37:00.832081+00:00 DEBUG 'ansible_navigator.main' Prior to rollback: playbook_artifact_enable = 'True' (bool/Defaults)
2024-11-20T08:37:00.832258+00:00 DEBUG 'ansible_navigator.main' Prior to rollback: playbook_artifact_replay = '/mnt/hgfs/learn-ansible/playbook/install-httpd-artifact-2024-11-20T08\:26\:55.035452+00\:00.json' (str/Command line)
2024-11-20T08:37:00.832362+00:00 DEBUG 'ansible_navigator.main' Prior to rollback: playbook_artifact_save_as = '{playbook_dir}/{playbook_name}-artifact-{time_stamp}.json' (str/Defaults)
2024-11-20T08:37:00.832465+00:00 DEBUG 'ansible_navigator.main' Prior to rollback: plugin_name = 'Not set' (Constants/Not set)
2024-11-20T08:37:00.832599+00:00 DEBUG 'ansible_navigator.main' Prior to rollback: plugin_type = 'module' (str/Defaults)
2024-11-20T08:37:00.832711+00:00 DEBUG 'ansible_navigator.main' Prior to rollback: pull_arguments = 'Not set' (Constants/Not set)
2024-11-20T08:37:00.832814+00:00 DEBUG 'ansible_navigator.main' Prior to rollback: pull_policy = 'tag' (str/Defaults)
2024-11-20T08:37:00.832917+00:00 DEBUG 'ansible_navigator.main' Prior to rollback: set_environment_variable = 'Not set' (Constants/Not set)
2024-11-20T08:37:00.833022+00:00 DEBUG 'ansible_navigator.main' Prior to rollback: settings_effective = 'False' (bool/Defaults)
2024-11-20T08:37:00.833137+00:00 DEBUG 'ansible_navigator.main' Prior to rollback: settings_sample = 'False' (bool/Defaults)
2024-11-20T08:37:00.833238+00:00 DEBUG 'ansible_navigator.main' Prior to rollback: settings_schema = 'json' (str/Defaults)
2024-11-20T08:37:00.833349+00:00 DEBUG 'ansible_navigator.main' Prior to rollback: settings_sources = 'False' (bool/Defaults)
2024-11-20T08:37:00.833447+00:00 DEBUG 'ansible_navigator.main' Prior to rollback: time_zone = 'UTC' (str/Defaults)
2024-11-20T08:37:00.833555+00:00 DEBUG 'ansible_navigator.main' Prior to rollback: workdir = '/mnt/hgfs/learn-ansible/playbook' (str/Defaults)
2024-11-20T08:37:00.833665+00:00 DEBUG 'ansible_navigator.main' After rollback: ansible_runner_artifact_dir = 'Not set' (Constants/Not set)
2024-11-20T08:37:00.833771+00:00 DEBUG 'ansible_navigator.main' After rollback: ansible_runner_rotate_artifacts_count = 'Not set' (Constants/Not set)
2024-11-20T08:37:00.833874+00:00 DEBUG 'ansible_navigator.main' After rollback: ansible_runner_timeout = 'Not set' (Constants/Not set)
2024-11-20T08:37:00.833973+00:00 DEBUG 'ansible_navigator.main' After rollback: ansible_runner_write_job_events = 'Not set' (Constants/Not set)
2024-11-20T08:37:00.834089+00:00 DEBUG 'ansible_navigator.main' After rollback: app = 'Not set' (Constants/Not set)
2024-11-20T08:37:00.834191+00:00 DEBUG 'ansible_navigator.main' After rollback: cmdline = 'Not set' (Constants/Not set)
2024-11-20T08:37:00.834311+00:00 DEBUG 'ansible_navigator.main' After rollback: collection_doc_cache_path = 'Not set' (Constants/Not set)
2024-11-20T08:37:00.834438+00:00 DEBUG 'ansible_navigator.main' After rollback: config = 'Not set' (Constants/Not set)
2024-11-20T08:37:00.834587+00:00 DEBUG 'ansible_navigator.main' After rollback: container_engine = 'Not set' (Constants/Not set)
2024-11-20T08:37:00.835019+00:00 DEBUG 'ansible_navigator.main' After rollback: container_options = 'Not set' (Constants/Not set)
2024-11-20T08:37:00.835150+00:00 DEBUG 'ansible_navigator.main' After rollback: display_color = 'Not set' (Constants/Not set)
2024-11-20T08:37:00.835295+00:00 DEBUG 'ansible_navigator.main' After rollback: editor_command = 'Not set' (Constants/Not set)
2024-11-20T08:37:00.835413+00:00 DEBUG 'ansible_navigator.main' After rollback: editor_console = 'Not set' (Constants/Not set)
2024-11-20T08:37:00.835530+00:00 DEBUG 'ansible_navigator.main' After rollback: enable_prompts = 'Not set' (Constants/Not set)
2024-11-20T08:37:00.835681+00:00 DEBUG 'ansible_navigator.main' After rollback: exec_command = 'Not set' (Constants/Not set)
2024-11-20T08:37:00.835794+00:00 DEBUG 'ansible_navigator.main' After rollback: exec_shell = 'Not set' (Constants/Not set)
2024-11-20T08:37:00.835927+00:00 DEBUG 'ansible_navigator.main' After rollback: execution_environment = 'Not set' (Constants/Not set)
2024-11-20T08:37:00.836063+00:00 DEBUG 'ansible_navigator.main' After rollback: execution_environment_image = 'Not set' (Constants/Not set)
2024-11-20T08:37:00.836301+00:00 DEBUG 'ansible_navigator.main' After rollback: execution_environment_volume_mounts = 'Not set' (Constants/Not set)
2024-11-20T08:37:00.836444+00:00 DEBUG 'ansible_navigator.main' After rollback: format = 'Not set' (Constants/Not set)
2024-11-20T08:37:00.836570+00:00 DEBUG 'ansible_navigator.main' After rollback: help_builder = 'Not set' (Constants/Not set)
2024-11-20T08:37:00.836720+00:00 DEBUG 'ansible_navigator.main' After rollback: help_config = 'Not set' (Constants/Not set)
2024-11-20T08:37:00.836925+00:00 DEBUG 'ansible_navigator.main' After rollback: help_doc = 'Not set' (Constants/Not set)
2024-11-20T08:37:00.837133+00:00 DEBUG 'ansible_navigator.main' After rollback: help_inventory = 'Not set' (Constants/Not set)
2024-11-20T08:37:00.837289+00:00 DEBUG 'ansible_navigator.main' After rollback: help_playbook = 'Not set' (Constants/Not set)
2024-11-20T08:37:00.837431+00:00 DEBUG 'ansible_navigator.main' After rollback: images_details = 'Not set' (Constants/Not set)
2024-11-20T08:37:00.837586+00:00 DEBUG 'ansible_navigator.main' After rollback: inventory = 'Not set' (Constants/Not set)
2024-11-20T08:37:00.837720+00:00 DEBUG 'ansible_navigator.main' After rollback: inventory_column = 'Not set' (Constants/Not set)
2024-11-20T08:37:00.837870+00:00 DEBUG 'ansible_navigator.main' After rollback: lint_config = 'Not set' (Constants/Not set)
2024-11-20T08:37:00.837996+00:00 DEBUG 'ansible_navigator.main' After rollback: lintables = 'Not set' (Constants/Not set)
2024-11-20T08:37:00.838176+00:00 DEBUG 'ansible_navigator.main' After rollback: log_append = 'Not set' (Constants/Not set)
2024-11-20T08:37:00.838344+00:00 DEBUG 'ansible_navigator.main' After rollback: log_file = 'Not set' (Constants/Not set)
2024-11-20T08:37:00.838502+00:00 DEBUG 'ansible_navigator.main' After rollback: log_level = 'Not set' (Constants/Not set)
2024-11-20T08:37:00.838664+00:00 DEBUG 'ansible_navigator.main' After rollback: mode = 'Not set' (Constants/Not set)
2024-11-20T08:37:00.838825+00:00 DEBUG 'ansible_navigator.main' After rollback: osc4 = 'Not set' (Constants/Not set)
2024-11-20T08:37:00.838975+00:00 DEBUG 'ansible_navigator.main' After rollback: pass_environment_variable = 'Not set' (Constants/Not set)
2024-11-20T08:37:00.839194+00:00 DEBUG 'ansible_navigator.main' After rollback: playbook = 'Not set' (Constants/Not set)
2024-11-20T08:37:00.839380+00:00 DEBUG 'ansible_navigator.main' After rollback: playbook_artifact_enable = 'Not set' (Constants/Not set)
2024-11-20T08:37:00.839557+00:00 DEBUG 'ansible_navigator.main' After rollback: playbook_artifact_replay = 'Not set' (Constants/Not set)
2024-11-20T08:37:00.839756+00:00 DEBUG 'ansible_navigator.main' After rollback: playbook_artifact_save_as = 'Not set' (Constants/Not set)
2024-11-20T08:37:00.839937+00:00 DEBUG 'ansible_navigator.main' After rollback: plugin_name = 'Not set' (Constants/Not set)
2024-11-20T08:37:00.840204+00:00 DEBUG 'ansible_navigator.main' After rollback: plugin_type = 'Not set' (Constants/Not set)
2024-11-20T08:37:00.840564+00:00 DEBUG 'ansible_navigator.main' After rollback: pull_arguments = 'Not set' (Constants/Not set)
2024-11-20T08:37:00.840779+00:00 DEBUG 'ansible_navigator.main' After rollback: pull_policy = 'Not set' (Constants/Not set)
2024-11-20T08:37:00.841024+00:00 DEBUG 'ansible_navigator.main' After rollback: set_environment_variable = 'Not set' (Constants/Not set)
2024-11-20T08:37:00.841281+00:00 DEBUG 'ansible_navigator.main' After rollback: settings_effective = 'Not set' (Constants/Not set)
2024-11-20T08:37:00.841467+00:00 DEBUG 'ansible_navigator.main' After rollback: settings_sample = 'Not set' (Constants/Not set)
2024-11-20T08:37:00.841693+00:00 DEBUG 'ansible_navigator.main' After rollback: settings_schema = 'Not set' (Constants/Not set)
2024-11-20T08:37:00.841869+00:00 DEBUG 'ansible_navigator.main' After rollback: settings_sources = 'Not set' (Constants/Not set)
2024-11-20T08:37:00.842139+00:00 DEBUG 'ansible_navigator.main' After rollback: time_zone = 'Not set' (Constants/Not set)
2024-11-20T08:37:00.842484+00:00 DEBUG 'ansible_navigator.main' After rollback: workdir = 'Not set' (Constants/Not set)
2024-11-20T08:37:00.842642+00:00 DEBUG 'ansible_navigator.main' Configuration rollback complete.
2024-11-20T08:37:00.842807+00:00 DEBUG 'ansible_navigator.main' Collection doc cache not mounted
2024-11-20T08:37:00.843075+00:00 WARNING 'ansible_navigator.main' Issues were found while applying the settings.
2024-11-20T08:37:00.843296+00:00 INFO 'ansible_navigator.main' Command provided: '--execution-environment false replay 'install-httpd-artifact-2024-11-20T08\:26\:55.035452+00\:00.json''
2024-11-20T08:37:00.843523+00:00 ERROR 'ansible_navigator.main' The specified playbook artifact could not be found: /mnt/hgfs/learn-ansible/playbook/install-httpd-artifact-2024-11-20T08\:26\:55.035452+00\:00.json
2024-11-20T08:37:00.843726+00:00 INFO 'ansible_navigator.main' Try again with 'replay <valid path to playbook artifact>'
2024-11-20T08:37:00.843900+00:00 INFO 'ansible_navigator.main' Configuration failed, using default log file location. (/mnt/hgfs/learn-ansible/playbook/ansible-navigator.log) Log level set to debug
2024-11-20T08:37:00.844133+00:00 INFO 'ansible_navigator.main' Review the hints and log file to see what went wrong.
